<?xml version="1.0" encoding="UTF-8"?>
<robot generator="Robot 7.1 (Python 3.13.0 on win32)" generated="2024-11-10T20:30:58.197855" rpa="false" schemaversion="5">
<suite id="s1" name="E2E Flow For Admin" source="D:\Nam4\[SE113] Kiểm chứng phần mềm-20240914T045954Z-001\TAA Automation Robot Project\TAA-Automation-Robot-Project\tests\e2e_flow_for_admin.robot">
<test id="s1-t1" name="Test case E2E for admin" line="32">
<kw name="When The admin goes to TAA's admin page">
<kw name="New Browser" owner="Browser">
<msg time="2024-11-10T20:30:58.459898" level="INFO">{"browser": "chromium", "headless": false, "chromiumSandbox": false, "devtools": false, "handleSIGHUP": true, "handleSIGINT": true, "handleSIGTERM": true, "slowMo": 0.0, "timeout": 30000.0, "tracesDir": "D:\\Nam4\\[SE113] Ki\u1ec3m ch\u1ee9ng ph\u1ea7n m\u1ec1m-20240914T045954Z-001\\TAA Automation Robot Project\\TAA-Automation-Robot-Project\\results\\browser\\traces\\b67e90ef-6678-41a7-8036-210f84022f4e"}</msg>
<msg time="2024-11-10T20:30:58.489274" level="INFO">Starting Browser process C:\Users\DELL\AppData\Local\Programs\Python\Python313\Lib\site-packages\Browser\wrapper\index.js using port 57427</msg>
<msg time="2024-11-10T20:30:58.490189" level="INFO">Node startup parameters: ['node', 'C:\\Users\\DELL\\AppData\\Local\\Programs\\Python\\Python313\\Lib\\site-packages\\Browser\\wrapper\\index.js', '57427']</msg>
<msg time="2024-11-10T20:30:59.985116" level="INFO">Successfully created browser with options: {"browser":"chromium","headless":false,"chromiumSandbox":false,"devtools":false,"handleSIGHUP":true,"handleSIGINT":true,"handleSIGTERM":true,"slowMo":0,"timeout":30000,"tracesDir":"D:\\Nam4\\[SE113] Kiểm chứng phần mềm-20240914T045954Z-001\\TAA Automation Robot Project\\TAA-Automation-Robot-Project\\results\\browser\\traces\\b67e90ef-6678-41a7-8036-210f84022f4e"}</msg>
<arg>browser=chromium</arg>
<arg>headless=False</arg>
<tag>BrowserControl</tag>
<tag>Setter</tag>
<doc>Create a new playwright Browser with specified options.</doc>
<status status="PASS" start="2024-11-10T20:30:58.459013" elapsed="1.527346"/>
</kw>
<kw name="New Context" owner="Browser">
<msg time="2024-11-10T20:30:59.988848" level="INFO">{
  "acceptDownloads": true,
  "bypassCSP": false,
  "forcedColors": "none",
  "ignoreHTTPSErrors": false,
  "javaScriptEnabled": true,
  "offline": false,
  "reducedMotion": "no-preference",
  "serviceWorkers": "allow",
  "viewport": {
    "height": 900,
    "width": 1500
  }
}</msg>
<msg time="2024-11-10T20:31:00.018268" level="INFO">Successfully created context. </msg>
<msg time="2024-11-10T20:31:00.018839" level="INFO">{'acceptDownloads': True, 'bypassCSP': False, 'forcedColors': 'none', 'ignoreHTTPSErrors': False, 'javaScriptEnabled': True, 'offline': False, 'reducedMotion': 'no-preference', 'serviceWorkers': 'allow', 'viewport': {'height': 900, 'width': 1500}}</msg>
<arg>viewport={"width": 1500, "height":900 }</arg>
<tag>BrowserControl</tag>
<tag>Setter</tag>
<doc>Create a new BrowserContext with specified options.</doc>
<status status="PASS" start="2024-11-10T20:30:59.987033" elapsed="0.032342"/>
</kw>
<kw name="New Page" owner="Browser">
<msg time="2024-11-10T20:31:02.577465" level="INFO">Successfully initialized new page object and opened url: http://localhost:4000/</msg>
<arg>url=${URL_ADMIN}</arg>
<tag>BrowserControl</tag>
<tag>Setter</tag>
<doc>Open a new Page.</doc>
<status status="PASS" start="2024-11-10T20:31:00.020068" elapsed="2.558092"/>
</kw>
<kw name="Sleep For 2 Seconds">
<kw name="Sleep" owner="BuiltIn">
<msg time="2024-11-10T20:31:04.580186" level="INFO">Slept 2 seconds.</msg>
<arg>2s</arg>
<doc>Pauses the test executed for the given time.</doc>
<status status="PASS" start="2024-11-10T20:31:02.579145" elapsed="2.001468"/>
</kw>
<status status="PASS" start="2024-11-10T20:31:02.578473" elapsed="2.002359"/>
</kw>
<doc>This keyword verifies that admin can go to admin page</doc>
<status status="PASS" start="2024-11-10T20:30:58.457914" elapsed="6.123017"/>
</kw>
<kw name="And The admin should be able to login into admin page with admin ${emailAdmin} account and ${passwordAdmin} password" source_name="The admin should be able to login into admin page with admin ${emailAdmin} account and ${passwordAdmin} password">
<kw name="Fill Text" owner="Browser">
<msg time="2024-11-10T20:31:04.582574" level="INFO">Fills the text 'AdminTAA01' in the given field.</msg>
<arg>//input[@id='formBasicEmail']</arg>
<arg>${emailAdmin}</arg>
<tag>PageContent</tag>
<tag>Setter</tag>
<doc>Clears and fills the given ``txt`` into the text field found by ``selector``.</doc>
<status status="PASS" start="2024-11-10T20:31:04.581974" elapsed="0.069128"/>
</kw>
<kw name="Fill Text" owner="Browser">
<msg time="2024-11-10T20:31:04.653060" level="INFO">Fills the text 'AdminTAA01' in the given field.</msg>
<arg>${PasswordFieldLogIn}</arg>
<arg>${passwordAdmin}</arg>
<tag>PageContent</tag>
<tag>Setter</tag>
<doc>Clears and fills the given ``txt`` into the text field found by ``selector``.</doc>
<status status="PASS" start="2024-11-10T20:31:04.651660" elapsed="0.031011"/>
</kw>
<kw name="Sleep For 2 Seconds">
<kw name="Sleep" owner="BuiltIn">
<msg time="2024-11-10T20:31:06.685269" level="INFO">Slept 2 seconds.</msg>
<arg>2s</arg>
<doc>Pauses the test executed for the given time.</doc>
<status status="PASS" start="2024-11-10T20:31:04.683724" elapsed="2.001813"/>
</kw>
<status status="PASS" start="2024-11-10T20:31:04.682975" elapsed="2.002719"/>
</kw>
<kw name="Click" owner="Browser">
<msg time="2024-11-10T20:31:06.686439" level="INFO">Clicks the element '//button[contains(text(),'Đăng nhập')]'.</msg>
<arg>//button[contains(text(),'Đăng nhập')]</arg>
<tag>PageContent</tag>
<tag>Setter</tag>
<doc>Simulates mouse click on the element found by ``selector``.</doc>
<status status="PASS" start="2024-11-10T20:31:06.685828" elapsed="0.036635"/>
</kw>
<kw name="Sleep For 2 Seconds">
<kw name="Sleep" owner="BuiltIn">
<msg time="2024-11-10T20:31:08.724199" level="INFO">Slept 2 seconds.</msg>
<arg>2s</arg>
<doc>Pauses the test executed for the given time.</doc>
<status status="PASS" start="2024-11-10T20:31:06.723547" elapsed="2.001553"/>
</kw>
<status status="PASS" start="2024-11-10T20:31:06.722887" elapsed="2.002652"/>
</kw>
<status status="PASS" start="2024-11-10T20:31:04.581370" elapsed="4.144314"/>
</kw>
<status status="PASS" start="2024-11-10T20:30:58.456494" elapsed="10.269829"/>
</test>
<doc>This Feature verifies the solution E2E scenario of website for user</doc>
<status status="PASS" start="2024-11-10T20:30:58.204112" elapsed="10.888598"/>
</suite>
<statistics>
<total>
<stat pass="1" fail="0" skip="0">All Tests</stat>
</total>
<tag>
</tag>
<suite>
<stat pass="1" fail="0" skip="0" id="s1" name="E2E Flow For Admin">E2E Flow For Admin</stat>
</suite>
</statistics>
<errors>
</errors>
</robot>
