<?xml version="1.0" encoding="UTF-8"?>
<robot generator="Robot 7.1 (Python 3.13.0 on win32)" generated="2024-11-02T14:42:36.485270" rpa="false" schemaversion="5">
<suite id="s1" name="Unit Test" source="D:\Nam4\[SE113] Kiểm chứng phần mềm-20240914T045954Z-001\TAA Automation Robot Project\TAA-Automation-Robot-Project\tests\unit_test.robot">
<test id="s1-t1" name="Unit test for filter function for Admin's account management page function" line="59">
<kw name="Filter function for Admin's account management page function">
<kw name="New Browser" owner="Browser">
<msg time="2024-11-02T14:42:36.791705" level="INFO">{"browser": "chromium", "headless": false, "chromiumSandbox": false, "devtools": false, "handleSIGHUP": true, "handleSIGINT": true, "handleSIGTERM": true, "slowMo": 0.0, "timeout": 30000.0, "tracesDir": "D:\\Nam4\\[SE113] Ki\u1ec3m ch\u1ee9ng ph\u1ea7n m\u1ec1m-20240914T045954Z-001\\TAA Automation Robot Project\\TAA-Automation-Robot-Project\\results\\browser\\traces\\83f752cc-5d57-41bf-916b-85a14a01c45b"}</msg>
<msg time="2024-11-02T14:42:36.828144" level="INFO">Starting Browser process C:\Users\DELL\AppData\Local\Programs\Python\Python313\Lib\site-packages\Browser\wrapper\index.js using port 55933</msg>
<msg time="2024-11-02T14:42:36.829225" level="INFO">Node startup parameters: ['node', 'C:\\Users\\DELL\\AppData\\Local\\Programs\\Python\\Python313\\Lib\\site-packages\\Browser\\wrapper\\index.js', '55933']</msg>
<msg time="2024-11-02T14:42:38.356659" level="INFO">Successfully created browser with options: {"browser":"chromium","headless":false,"chromiumSandbox":false,"devtools":false,"handleSIGHUP":true,"handleSIGINT":true,"handleSIGTERM":true,"slowMo":0,"timeout":30000,"tracesDir":"D:\\Nam4\\[SE113] Kiểm chứng phần mềm-20240914T045954Z-001\\TAA Automation Robot Project\\TAA-Automation-Robot-Project\\results\\browser\\traces\\83f752cc-5d57-41bf-916b-85a14a01c45b"}</msg>
<arg>browser=chromium</arg>
<arg>headless=False</arg>
<tag>BrowserControl</tag>
<tag>Setter</tag>
<doc>Create a new playwright Browser with specified options.</doc>
<status status="PASS" start="2024-11-02T14:42:36.790700" elapsed="1.566800"/>
</kw>
<kw name="New Page" owner="Browser">
<msg time="2024-11-02T14:42:41.029425" level="INFO">Successfully initialized new page object and opened url: http://localhost:4000</msg>
<msg time="2024-11-02T14:42:41.029664" level="INFO">No context was open. New context was automatically opened when this page is created.</msg>
<arg>url=http://localhost:4000</arg>
<tag>BrowserControl</tag>
<tag>Setter</tag>
<doc>Open a new Page.</doc>
<status status="PASS" start="2024-11-02T14:42:38.358153" elapsed="2.671831"/>
</kw>
<kw name="Login admin function">
<kw name="Fill Text" owner="Browser">
<msg time="2024-11-02T14:42:41.032515" level="INFO">Fills the text 'AdminTAA01' in the given field.</msg>
<arg>//input[@id='formBasicEmail']</arg>
<arg>${emailTextField}</arg>
<tag>PageContent</tag>
<tag>Setter</tag>
<doc>Clears and fills the given ``txt`` into the text field found by ``selector``.</doc>
<status status="PASS" start="2024-11-02T14:42:41.031344" elapsed="0.147148"/>
</kw>
<kw name="Fill Text" owner="Browser">
<msg time="2024-11-02T14:42:41.180989" level="INFO">Fills the text 'AdminTAA01' in the given field.</msg>
<arg>//input[@id='formBasicPassword']</arg>
<arg>${passwordTextField}</arg>
<tag>PageContent</tag>
<tag>Setter</tag>
<doc>Clears and fills the given ``txt`` into the text field found by ``selector``.</doc>
<status status="PASS" start="2024-11-02T14:42:41.179176" elapsed="0.041244"/>
</kw>
<kw name="Click" owner="Browser">
<msg time="2024-11-02T14:42:41.222271" level="INFO">Clicks the element '//button[contains(text(),'Đăng nhập')]'.</msg>
<arg>//button[contains(text(),'Đăng nhập')]</arg>
<tag>PageContent</tag>
<tag>Setter</tag>
<doc>Simulates mouse click on the element found by ``selector``.</doc>
<status status="PASS" start="2024-11-02T14:42:41.220949" elapsed="0.075552"/>
</kw>
<arg>AdminTAA01</arg>
<arg>AdminTAA01</arg>
<status status="PASS" start="2024-11-02T14:42:41.030530" elapsed="0.266329"/>
</kw>
<kw name="Click" owner="Browser">
<msg time="2024-11-02T14:42:41.298566" level="INFO">Clicks the element '//button[@id=':ra:']'.</msg>
<arg>${filterButtonAdminAccountManagementPage}</arg>
<tag>PageContent</tag>
<tag>Setter</tag>
<doc>Simulates mouse click on the element found by ``selector``.</doc>
<status status="PASS" start="2024-11-02T14:42:41.297198" elapsed="2.796762"/>
</kw>
<kw name="Click" owner="Browser">
<msg time="2024-11-02T14:42:44.095683" level="INFO">Clicks the element '//html[1]/body[1]/div[2]/div[1]/div[2]/div[1]/div[1]/div[3]/div[1]/div[1]'.</msg>
<arg>${ColumnFilterAdminAccount}</arg>
<tag>PageContent</tag>
<tag>Setter</tag>
<doc>Simulates mouse click on the element found by ``selector``.</doc>
<status status="PASS" start="2024-11-02T14:42:44.094437" elapsed="0.377914"/>
</kw>
<kw name="Click" owner="Browser">
<msg time="2024-11-02T14:42:44.474354" level="INFO">Clicks the element '//li[contains(text(),'Tên tài khoản')]'.</msg>
<arg>${column1FilterAdminAccount}</arg>
<tag>PageContent</tag>
<tag>Setter</tag>
<doc>Simulates mouse click on the element found by ``selector``.</doc>
<status status="PASS" start="2024-11-02T14:42:44.472981" elapsed="0.437760"/>
</kw>
<kw name="Click" owner="Browser">
<msg time="2024-11-02T14:42:44.911690" level="INFO">Clicks the element '//html[1]/body[1]/div[2]/div[1]/div[2]/div[1]/div[1]/div[4]/div[1]/div[1]'.</msg>
<arg>${OperatorFilterAdminAccount}</arg>
<tag>PageContent</tag>
<tag>Setter</tag>
<doc>Simulates mouse click on the element found by ``selector``.</doc>
<status status="PASS" start="2024-11-02T14:42:44.911004" elapsed="0.320870"/>
</kw>
<kw name="Click" owner="Browser">
<msg time="2024-11-02T14:42:45.233766" level="INFO">Clicks the element '//li[contains(text(),'bằng')]'.</msg>
<arg>${operator1FilterAdminAccount}</arg>
<tag>PageContent</tag>
<tag>Setter</tag>
<doc>Simulates mouse click on the element found by ``selector``.</doc>
<status status="PASS" start="2024-11-02T14:42:45.232493" elapsed="0.425021"/>
</kw>
<kw name="Fill Text" owner="Browser">
<msg time="2024-11-02T14:42:45.660114" level="INFO">Fills the text 'lamcamhi' in the given field.</msg>
<arg>${ValueFilterAdminAccount}</arg>
<arg>${value}</arg>
<tag>PageContent</tag>
<tag>Setter</tag>
<doc>Clears and fills the given ``txt`` into the text field found by ``selector``.</doc>
<status status="PASS" start="2024-11-02T14:42:45.658207" elapsed="0.255610"/>
</kw>
<kw name="Get Elements" owner="Browser">
<msg time="2024-11-02T14:42:45.937247" level="INFO">Found locator('//div[@role=\'rowgroup\']').first() Locators successfully.</msg>
<arg>//div[@role='rowgroup']</arg>
<tag>Getter</tag>
<tag>PageContent</tag>
<doc>Returns a reference to Playwright [https://playwright.dev/docs/api/class-locator|Locator]
for all matched elements by ``selector``.</doc>
<status status="PASS" start="2024-11-02T14:42:45.914283" elapsed="0.023690"/>
</kw>
<kw name="Sleep" owner="BuiltIn">
<msg time="2024-11-02T14:42:48.939591" level="INFO">Slept 3 seconds.</msg>
<arg>3s</arg>
<doc>Pauses the test executed for the given time.</doc>
<status status="PASS" start="2024-11-02T14:42:45.938422" elapsed="3.001481"/>
</kw>
<arg>${FilterButtonAdminAccountManagementPage}</arg>
<arg>${NameAccountColumnFilterAdminAccount}</arg>
<arg>${EqualOperatorFilterAdminAccount}</arg>
<arg>lamcamhi</arg>
<tag>Unit test</tag>
<doc>This keyword is used to test the filter function
for Admin's account management page  password function of the application</doc>
<status status="PASS" start="2024-11-02T14:42:36.789132" elapsed="12.151018"/>
</kw>
<kw name="Filter function for Admin's account management page function">
<kw name="New Browser" owner="Browser">
<msg time="2024-11-02T14:42:48.942811" level="INFO">Switching browser to browser=71a78afb-bae3-4af5-b233-e54471dfcd15</msg>
<msg time="2024-11-02T14:42:48.949212" level="INFO">Successfully changed active browser: browser=71a78afb-bae3-4af5-b233-e54471dfcd15</msg>
<msg time="2024-11-02T14:42:48.949626" level="INFO">Reusing existing browser with id: browser=71a78afb-bae3-4af5-b233-e54471dfcd15</msg>
<arg>browser=chromium</arg>
<arg>headless=False</arg>
<tag>BrowserControl</tag>
<tag>Setter</tag>
<doc>Create a new playwright Browser with specified options.</doc>
<status status="PASS" start="2024-11-02T14:42:48.941756" elapsed="0.008090"/>
</kw>
<kw name="New Page" owner="Browser">
<msg time="2024-11-02T14:42:50.626199" level="INFO">Successfully initialized new page object and opened url: http://localhost:4000</msg>
<arg>url=http://localhost:4000</arg>
<tag>BrowserControl</tag>
<tag>Setter</tag>
<doc>Open a new Page.</doc>
<status status="PASS" start="2024-11-02T14:42:48.950183" elapsed="1.676498"/>
</kw>
<kw name="Login admin function">
<kw name="Fill Text" owner="Browser">
<msg time="2024-11-02T14:42:50.629001" level="INFO">Fills the text 'AdminTAA01' in the given field.</msg>
<arg>//input[@id='formBasicEmail']</arg>
<arg>${emailTextField}</arg>
<tag>PageContent</tag>
<tag>Setter</tag>
<doc>Clears and fills the given ``txt`` into the text field found by ``selector``.</doc>
<status status="PASS" start="2024-11-02T14:42:50.627931" elapsed="0.147367"/>
</kw>
<kw name="Fill Text" owner="Browser">
<msg time="2024-11-02T14:42:50.777338" level="INFO">Fills the text 'AdminTAA01' in the given field.</msg>
<arg>//input[@id='formBasicPassword']</arg>
<arg>${passwordTextField}</arg>
<tag>PageContent</tag>
<tag>Setter</tag>
<doc>Clears and fills the given ``txt`` into the text field found by ``selector``.</doc>
<status status="PASS" start="2024-11-02T14:42:50.775968" elapsed="0.040603"/>
</kw>
<kw name="Click" owner="Browser">
<msg time="2024-11-02T14:42:50.818236" level="INFO">Clicks the element '//button[contains(text(),'Đăng nhập')]'.</msg>
<arg>//button[contains(text(),'Đăng nhập')]</arg>
<tag>PageContent</tag>
<tag>Setter</tag>
<doc>Simulates mouse click on the element found by ``selector``.</doc>
<status status="PASS" start="2024-11-02T14:42:50.816953" elapsed="0.056492"/>
</kw>
<arg>AdminTAA01</arg>
<arg>AdminTAA01</arg>
<status status="PASS" start="2024-11-02T14:42:50.626986" elapsed="0.246694"/>
</kw>
<kw name="Click" owner="Browser">
<msg time="2024-11-02T14:42:50.874824" level="INFO">Clicks the element '//button[@id=':ra:']'.</msg>
<arg>${filterButtonAdminAccountManagementPage}</arg>
<tag>PageContent</tag>
<tag>Setter</tag>
<doc>Simulates mouse click on the element found by ``selector``.</doc>
<status status="PASS" start="2024-11-02T14:42:50.873865" elapsed="2.460280"/>
</kw>
<kw name="Click" owner="Browser">
<msg time="2024-11-02T14:42:53.335624" level="INFO">Clicks the element '//html[1]/body[1]/div[2]/div[1]/div[2]/div[1]/div[1]/div[3]/div[1]/div[1]'.</msg>
<arg>${ColumnFilterAdminAccount}</arg>
<tag>PageContent</tag>
<tag>Setter</tag>
<doc>Simulates mouse click on the element found by ``selector``.</doc>
<status status="PASS" start="2024-11-02T14:42:53.334457" elapsed="0.116532"/>
</kw>
<kw name="Click" owner="Browser">
<msg time="2024-11-02T14:42:53.452824" level="INFO">Clicks the element '//li[contains(text(),'Tên tài khoản')]'.</msg>
<arg>${column1FilterAdminAccount}</arg>
<tag>PageContent</tag>
<tag>Setter</tag>
<doc>Simulates mouse click on the element found by ``selector``.</doc>
<status status="PASS" start="2024-11-02T14:42:53.451391" elapsed="0.414134"/>
</kw>
<kw name="Click" owner="Browser">
<msg time="2024-11-02T14:42:53.866662" level="INFO">Clicks the element '//html[1]/body[1]/div[2]/div[1]/div[2]/div[1]/div[1]/div[4]/div[1]/div[1]'.</msg>
<arg>${OperatorFilterAdminAccount}</arg>
<tag>PageContent</tag>
<tag>Setter</tag>
<doc>Simulates mouse click on the element found by ``selector``.</doc>
<status status="PASS" start="2024-11-02T14:42:53.865796" elapsed="0.308767"/>
</kw>
<kw name="Click" owner="Browser">
<msg time="2024-11-02T14:42:54.175588" level="INFO">Clicks the element '//li[contains(text(),'bắt đầu với')]'.</msg>
<arg>${operator1FilterAdminAccount}</arg>
<tag>PageContent</tag>
<tag>Setter</tag>
<doc>Simulates mouse click on the element found by ``selector``.</doc>
<status status="PASS" start="2024-11-02T14:42:54.174813" elapsed="0.432843"/>
</kw>
<kw name="Fill Text" owner="Browser">
<msg time="2024-11-02T14:42:54.608913" level="INFO">Fills the text 'n' in the given field.</msg>
<arg>${ValueFilterAdminAccount}</arg>
<arg>${value}</arg>
<tag>PageContent</tag>
<tag>Setter</tag>
<doc>Clears and fills the given ``txt`` into the text field found by ``selector``.</doc>
<status status="PASS" start="2024-11-02T14:42:54.608080" elapsed="0.201571"/>
</kw>
<kw name="Get Elements" owner="Browser">
<msg time="2024-11-02T14:42:54.824536" level="INFO">Found locator('//div[@role=\'rowgroup\']').first() Locators successfully.</msg>
<arg>//div[@role='rowgroup']</arg>
<tag>Getter</tag>
<tag>PageContent</tag>
<doc>Returns a reference to Playwright [https://playwright.dev/docs/api/class-locator|Locator]
for all matched elements by ``selector``.</doc>
<status status="PASS" start="2024-11-02T14:42:54.810204" elapsed="0.014680"/>
</kw>
<kw name="Sleep" owner="BuiltIn">
<msg time="2024-11-02T14:42:57.825973" level="INFO">Slept 3 seconds.</msg>
<arg>3s</arg>
<doc>Pauses the test executed for the given time.</doc>
<status status="PASS" start="2024-11-02T14:42:54.825115" elapsed="3.001105"/>
</kw>
<arg>${FilterButtonAdminAccountManagementPage}</arg>
<arg>${NameAccountColumnFilterAdminAccount}</arg>
<arg>${StartWithOperatorFilterAdminAccount}</arg>
<arg>n</arg>
<tag>Unit test</tag>
<doc>This keyword is used to test the filter function
for Admin's account management page  password function of the application</doc>
<status status="PASS" start="2024-11-02T14:42:48.940631" elapsed="8.885748"/>
</kw>
<kw name="Filter function for Admin's account management page function">
<kw name="New Browser" owner="Browser">
<msg time="2024-11-02T14:42:57.828054" level="INFO">Switching browser to browser=71a78afb-bae3-4af5-b233-e54471dfcd15</msg>
<msg time="2024-11-02T14:42:57.830810" level="INFO">Successfully changed active browser: browser=71a78afb-bae3-4af5-b233-e54471dfcd15</msg>
<msg time="2024-11-02T14:42:57.831079" level="INFO">Reusing existing browser with id: browser=71a78afb-bae3-4af5-b233-e54471dfcd15</msg>
<arg>browser=chromium</arg>
<arg>headless=False</arg>
<tag>BrowserControl</tag>
<tag>Setter</tag>
<doc>Create a new playwright Browser with specified options.</doc>
<status status="PASS" start="2024-11-02T14:42:57.827455" elapsed="0.003982"/>
</kw>
<kw name="New Page" owner="Browser">
<msg time="2024-11-02T14:42:59.224622" level="INFO">Successfully initialized new page object and opened url: http://localhost:4000</msg>
<arg>url=http://localhost:4000</arg>
<tag>BrowserControl</tag>
<tag>Setter</tag>
<doc>Open a new Page.</doc>
<status status="PASS" start="2024-11-02T14:42:57.831753" elapsed="1.393624"/>
</kw>
<kw name="Login admin function">
<kw name="Fill Text" owner="Browser">
<msg time="2024-11-02T14:42:59.228110" level="INFO">Fills the text 'AdminTAA01' in the given field.</msg>
<arg>//input[@id='formBasicEmail']</arg>
<arg>${emailTextField}</arg>
<tag>PageContent</tag>
<tag>Setter</tag>
<doc>Clears and fills the given ``txt`` into the text field found by ``selector``.</doc>
<status status="PASS" start="2024-11-02T14:42:59.226938" elapsed="0.135605"/>
</kw>
<kw name="Fill Text" owner="Browser">
<msg time="2024-11-02T14:42:59.364958" level="INFO">Fills the text 'AdminTAA01' in the given field.</msg>
<arg>//input[@id='formBasicPassword']</arg>
<arg>${passwordTextField}</arg>
<tag>PageContent</tag>
<tag>Setter</tag>
<doc>Clears and fills the given ``txt`` into the text field found by ``selector``.</doc>
<status status="PASS" start="2024-11-02T14:42:59.363571" elapsed="0.035069"/>
</kw>
<kw name="Click" owner="Browser">
<msg time="2024-11-02T14:42:59.400210" level="INFO">Clicks the element '//button[contains(text(),'Đăng nhập')]'.</msg>
<arg>//button[contains(text(),'Đăng nhập')]</arg>
<tag>PageContent</tag>
<tag>Setter</tag>
<doc>Simulates mouse click on the element found by ``selector``.</doc>
<status status="PASS" start="2024-11-02T14:42:59.399017" elapsed="0.057498"/>
</kw>
<arg>AdminTAA01</arg>
<arg>AdminTAA01</arg>
<status status="PASS" start="2024-11-02T14:42:59.225879" elapsed="0.231000"/>
</kw>
<kw name="Click" owner="Browser">
<msg time="2024-11-02T14:42:59.458366" level="INFO">Clicks the element '//button[@id=':ra:']'.</msg>
<arg>${filterButtonAdminAccountManagementPage}</arg>
<tag>PageContent</tag>
<tag>Setter</tag>
<doc>Simulates mouse click on the element found by ``selector``.</doc>
<status status="PASS" start="2024-11-02T14:42:59.457066" elapsed="2.364211"/>
</kw>
<kw name="Click" owner="Browser">
<msg time="2024-11-02T14:43:01.823622" level="INFO">Clicks the element '//html[1]/body[1]/div[2]/div[1]/div[2]/div[1]/div[1]/div[3]/div[1]/div[1]'.</msg>
<arg>${ColumnFilterAdminAccount}</arg>
<tag>PageContent</tag>
<tag>Setter</tag>
<doc>Simulates mouse click on the element found by ``selector``.</doc>
<status status="PASS" start="2024-11-02T14:43:01.822362" elapsed="0.121684"/>
</kw>
<kw name="Click" owner="Browser">
<msg time="2024-11-02T14:43:01.945473" level="INFO">Clicks the element '//li[contains(text(),'Tên tài khoản')]'.</msg>
<arg>${column1FilterAdminAccount}</arg>
<tag>PageContent</tag>
<tag>Setter</tag>
<doc>Simulates mouse click on the element found by ``selector``.</doc>
<status status="PASS" start="2024-11-02T14:43:01.944493" elapsed="0.384940"/>
</kw>
<kw name="Click" owner="Browser">
<msg time="2024-11-02T14:43:02.330724" level="INFO">Clicks the element '//html[1]/body[1]/div[2]/div[1]/div[2]/div[1]/div[1]/div[4]/div[1]/div[1]'.</msg>
<arg>${OperatorFilterAdminAccount}</arg>
<tag>PageContent</tag>
<tag>Setter</tag>
<doc>Simulates mouse click on the element found by ``selector``.</doc>
<status status="PASS" start="2024-11-02T14:43:02.329799" elapsed="0.318855"/>
</kw>
<kw name="Click" owner="Browser">
<msg time="2024-11-02T14:43:02.650755" level="INFO">Clicks the element '//li[contains(text(),'kết thúc với')]'.</msg>
<arg>${operator1FilterAdminAccount}</arg>
<tag>PageContent</tag>
<tag>Setter</tag>
<doc>Simulates mouse click on the element found by ``selector``.</doc>
<status status="PASS" start="2024-11-02T14:43:02.649165" elapsed="0.353632"/>
</kw>
<kw name="Fill Text" owner="Browser">
<msg time="2024-11-02T14:43:03.004081" level="INFO">Fills the text 'n' in the given field.</msg>
<arg>${ValueFilterAdminAccount}</arg>
<arg>${value}</arg>
<tag>PageContent</tag>
<tag>Setter</tag>
<doc>Clears and fills the given ``txt`` into the text field found by ``selector``.</doc>
<status status="PASS" start="2024-11-02T14:43:03.003187" elapsed="0.216414"/>
</kw>
<kw name="Get Elements" owner="Browser">
<msg time="2024-11-02T14:43:03.234878" level="INFO">Found locator('//div[@role=\'rowgroup\']').first() Locators successfully.</msg>
<arg>//div[@role='rowgroup']</arg>
<tag>Getter</tag>
<tag>PageContent</tag>
<doc>Returns a reference to Playwright [https://playwright.dev/docs/api/class-locator|Locator]
for all matched elements by ``selector``.</doc>
<status status="PASS" start="2024-11-02T14:43:03.219907" elapsed="0.015439"/>
</kw>
<kw name="Sleep" owner="BuiltIn">
<msg time="2024-11-02T14:43:06.236326" level="INFO">Slept 3 seconds.</msg>
<arg>3s</arg>
<doc>Pauses the test executed for the given time.</doc>
<status status="PASS" start="2024-11-02T14:43:03.235624" elapsed="3.001046"/>
</kw>
<arg>${FilterButtonAdminAccountManagementPage}</arg>
<arg>${NameAccountColumnFilterAdminAccount}</arg>
<arg>${EndWithOperatorFilterAdminAccount}</arg>
<arg>n</arg>
<tag>Unit test</tag>
<doc>This keyword is used to test the filter function
for Admin's account management page  password function of the application</doc>
<status status="PASS" start="2024-11-02T14:42:57.826760" elapsed="8.410076"/>
</kw>
<kw name="Filter function for Admin's account management page function for empty">
<kw name="New Browser" owner="Browser">
<msg time="2024-11-02T14:43:06.238646" level="INFO">Switching browser to browser=71a78afb-bae3-4af5-b233-e54471dfcd15</msg>
<msg time="2024-11-02T14:43:06.241852" level="INFO">Successfully changed active browser: browser=71a78afb-bae3-4af5-b233-e54471dfcd15</msg>
<msg time="2024-11-02T14:43:06.242159" level="INFO">Reusing existing browser with id: browser=71a78afb-bae3-4af5-b233-e54471dfcd15</msg>
<arg>browser=chromium</arg>
<arg>headless=False</arg>
<tag>BrowserControl</tag>
<tag>Setter</tag>
<doc>Create a new playwright Browser with specified options.</doc>
<status status="PASS" start="2024-11-02T14:43:06.237994" elapsed="0.004363"/>
</kw>
<kw name="New Page" owner="Browser">
<msg time="2024-11-02T14:43:07.733837" level="INFO">Successfully initialized new page object and opened url: http://localhost:4000</msg>
<arg>url=http://localhost:4000</arg>
<tag>BrowserControl</tag>
<tag>Setter</tag>
<doc>Open a new Page.</doc>
<status status="PASS" start="2024-11-02T14:43:06.242564" elapsed="1.492246"/>
</kw>
<kw name="Login admin function">
<kw name="Fill Text" owner="Browser">
<msg time="2024-11-02T14:43:07.737491" level="INFO">Fills the text 'AdminTAA01' in the given field.</msg>
<arg>//input[@id='formBasicEmail']</arg>
<arg>${emailTextField}</arg>
<tag>PageContent</tag>
<tag>Setter</tag>
<doc>Clears and fills the given ``txt`` into the text field found by ``selector``.</doc>
<status status="PASS" start="2024-11-02T14:43:07.736237" elapsed="0.130091"/>
</kw>
<kw name="Fill Text" owner="Browser">
<msg time="2024-11-02T14:43:07.868350" level="INFO">Fills the text 'AdminTAA01' in the given field.</msg>
<arg>//input[@id='formBasicPassword']</arg>
<arg>${passwordTextField}</arg>
<tag>PageContent</tag>
<tag>Setter</tag>
<doc>Clears and fills the given ``txt`` into the text field found by ``selector``.</doc>
<status status="PASS" start="2024-11-02T14:43:07.866843" elapsed="0.031127"/>
</kw>
<kw name="Click" owner="Browser">
<msg time="2024-11-02T14:43:07.900574" level="INFO">Clicks the element '//button[contains(text(),'Đăng nhập')]'.</msg>
<arg>//button[contains(text(),'Đăng nhập')]</arg>
<tag>PageContent</tag>
<tag>Setter</tag>
<doc>Simulates mouse click on the element found by ``selector``.</doc>
<status status="PASS" start="2024-11-02T14:43:07.898505" elapsed="0.054445"/>
</kw>
<arg>AdminTAA01</arg>
<arg>AdminTAA01</arg>
<status status="PASS" start="2024-11-02T14:43:07.735370" elapsed="0.217798"/>
</kw>
<kw name="Click" owner="Browser">
<msg time="2024-11-02T14:43:07.954340" level="INFO">Clicks the element '//button[@id=':ra:']'.</msg>
<arg>${filterButtonAdminAccountManagementPage}</arg>
<tag>PageContent</tag>
<tag>Setter</tag>
<doc>Simulates mouse click on the element found by ``selector``.</doc>
<status status="PASS" start="2024-11-02T14:43:07.953344" elapsed="2.399845"/>
</kw>
<kw name="Click" owner="Browser">
<msg time="2024-11-02T14:43:10.354949" level="INFO">Clicks the element '//html[1]/body[1]/div[2]/div[1]/div[2]/div[1]/div[1]/div[3]/div[1]/div[1]'.</msg>
<arg>${ColumnFilterAdminAccount}</arg>
<tag>PageContent</tag>
<tag>Setter</tag>
<doc>Simulates mouse click on the element found by ``selector``.</doc>
<status status="PASS" start="2024-11-02T14:43:10.353600" elapsed="0.119232"/>
</kw>
<kw name="Click" owner="Browser">
<msg time="2024-11-02T14:43:10.475420" level="INFO">Clicks the element '//li[contains(text(),'Tên tài khoản')]'.</msg>
<arg>${column1FilterAdminAccount}</arg>
<tag>PageContent</tag>
<tag>Setter</tag>
<doc>Simulates mouse click on the element found by ``selector``.</doc>
<status status="PASS" start="2024-11-02T14:43:10.474051" elapsed="0.403474"/>
</kw>
<kw name="Click" owner="Browser">
<msg time="2024-11-02T14:43:10.879114" level="INFO">Clicks the element '//html[1]/body[1]/div[2]/div[1]/div[2]/div[1]/div[1]/div[4]/div[1]/div[1]'.</msg>
<arg>${OperatorFilterAdminAccount}</arg>
<tag>PageContent</tag>
<tag>Setter</tag>
<doc>Simulates mouse click on the element found by ``selector``.</doc>
<status status="PASS" start="2024-11-02T14:43:10.877963" elapsed="0.324069"/>
</kw>
<kw name="Click" owner="Browser">
<msg time="2024-11-02T14:43:11.203709" level="INFO">Clicks the element '//li[normalize-space()='trống']'.</msg>
<arg>${operator1FilterAdminAccount}</arg>
<tag>PageContent</tag>
<tag>Setter</tag>
<doc>Simulates mouse click on the element found by ``selector``.</doc>
<status status="PASS" start="2024-11-02T14:43:11.202572" elapsed="0.597582"/>
</kw>
<kw name="Get Elements" owner="Browser">
<msg time="2024-11-02T14:43:11.880773" level="INFO">Found locator('//div[@role=\'rowgroup\']').first() Locators successfully.</msg>
<arg>//div[@role='rowgroup']</arg>
<tag>Getter</tag>
<tag>PageContent</tag>
<doc>Returns a reference to Playwright [https://playwright.dev/docs/api/class-locator|Locator]
for all matched elements by ``selector``.</doc>
<status status="PASS" start="2024-11-02T14:43:11.800586" elapsed="0.081033"/>
</kw>
<kw name="Sleep" owner="BuiltIn">
<msg time="2024-11-02T14:43:14.883934" level="INFO">Slept 3 seconds.</msg>
<arg>3s</arg>
<doc>Pauses the test executed for the given time.</doc>
<status status="PASS" start="2024-11-02T14:43:11.882630" elapsed="3.001708"/>
</kw>
<arg>${FilterButtonAdminAccountManagementPage}</arg>
<arg>${NameAccountColumnFilterAdminAccount}</arg>
<arg>${EmptyOperatorFilterAdminAccount}</arg>
<tag>Unit test</tag>
<doc>This keyword is used to test the filter function for empty
for Admin's account management page  password function of the application</doc>
<status status="PASS" start="2024-11-02T14:43:06.237276" elapsed="8.647335"/>
</kw>
<kw name="Filter function for Admin's account management page function for empty">
<kw name="New Browser" owner="Browser">
<msg time="2024-11-02T14:43:14.887311" level="INFO">Switching browser to browser=71a78afb-bae3-4af5-b233-e54471dfcd15</msg>
<msg time="2024-11-02T14:43:14.892118" level="INFO">Successfully changed active browser: browser=71a78afb-bae3-4af5-b233-e54471dfcd15</msg>
<msg time="2024-11-02T14:43:14.892686" level="INFO">Reusing existing browser with id: browser=71a78afb-bae3-4af5-b233-e54471dfcd15</msg>
<arg>browser=chromium</arg>
<arg>headless=False</arg>
<tag>BrowserControl</tag>
<tag>Setter</tag>
<doc>Create a new playwright Browser with specified options.</doc>
<status status="PASS" start="2024-11-02T14:43:14.886193" elapsed="0.006779"/>
</kw>
<kw name="New Page" owner="Browser">
<msg time="2024-11-02T14:43:16.340634" level="INFO">Successfully initialized new page object and opened url: http://localhost:4000</msg>
<arg>url=http://localhost:4000</arg>
<tag>BrowserControl</tag>
<tag>Setter</tag>
<doc>Open a new Page.</doc>
<status status="PASS" start="2024-11-02T14:43:14.893334" elapsed="1.448018"/>
</kw>
<kw name="Login admin function">
<kw name="Fill Text" owner="Browser">
<msg time="2024-11-02T14:43:16.343350" level="INFO">Fills the text 'AdminTAA01' in the given field.</msg>
<arg>//input[@id='formBasicEmail']</arg>
<arg>${emailTextField}</arg>
<tag>PageContent</tag>
<tag>Setter</tag>
<doc>Clears and fills the given ``txt`` into the text field found by ``selector``.</doc>
<status status="PASS" start="2024-11-02T14:43:16.342605" elapsed="0.131125"/>
</kw>
<kw name="Fill Text" owner="Browser">
<msg time="2024-11-02T14:43:16.476196" level="INFO">Fills the text 'AdminTAA01' in the given field.</msg>
<arg>//input[@id='formBasicPassword']</arg>
<arg>${passwordTextField}</arg>
<tag>PageContent</tag>
<tag>Setter</tag>
<doc>Clears and fills the given ``txt`` into the text field found by ``selector``.</doc>
<status status="PASS" start="2024-11-02T14:43:16.474367" elapsed="0.041863"/>
</kw>
<kw name="Click" owner="Browser">
<msg time="2024-11-02T14:43:16.517954" level="INFO">Clicks the element '//button[contains(text(),'Đăng nhập')]'.</msg>
<arg>//button[contains(text(),'Đăng nhập')]</arg>
<tag>PageContent</tag>
<tag>Setter</tag>
<doc>Simulates mouse click on the element found by ``selector``.</doc>
<status status="PASS" start="2024-11-02T14:43:16.516764" elapsed="0.069324"/>
</kw>
<arg>AdminTAA01</arg>
<arg>AdminTAA01</arg>
<status status="PASS" start="2024-11-02T14:43:16.341821" elapsed="0.244749"/>
</kw>
<kw name="Click" owner="Browser">
<msg time="2024-11-02T14:43:16.588405" level="INFO">Clicks the element '//button[@id=':ra:']'.</msg>
<arg>${filterButtonAdminAccountManagementPage}</arg>
<tag>PageContent</tag>
<tag>Setter</tag>
<doc>Simulates mouse click on the element found by ``selector``.</doc>
<status status="PASS" start="2024-11-02T14:43:16.586990" elapsed="2.370309"/>
</kw>
<kw name="Click" owner="Browser">
<msg time="2024-11-02T14:43:18.958921" level="INFO">Clicks the element '//html[1]/body[1]/div[2]/div[1]/div[2]/div[1]/div[1]/div[3]/div[1]/div[1]'.</msg>
<arg>${ColumnFilterAdminAccount}</arg>
<tag>PageContent</tag>
<tag>Setter</tag>
<doc>Simulates mouse click on the element found by ``selector``.</doc>
<status status="PASS" start="2024-11-02T14:43:18.957757" elapsed="0.140210"/>
</kw>
<kw name="Click" owner="Browser">
<msg time="2024-11-02T14:43:19.099504" level="INFO">Clicks the element '//li[contains(text(),'Tên tài khoản')]'.</msg>
<arg>${column1FilterAdminAccount}</arg>
<tag>PageContent</tag>
<tag>Setter</tag>
<doc>Simulates mouse click on the element found by ``selector``.</doc>
<status status="PASS" start="2024-11-02T14:43:19.098410" elapsed="0.393978"/>
</kw>
<kw name="Click" owner="Browser">
<msg time="2024-11-02T14:43:19.494496" level="INFO">Clicks the element '//html[1]/body[1]/div[2]/div[1]/div[2]/div[1]/div[1]/div[4]/div[1]/div[1]'.</msg>
<arg>${OperatorFilterAdminAccount}</arg>
<tag>PageContent</tag>
<tag>Setter</tag>
<doc>Simulates mouse click on the element found by ``selector``.</doc>
<status status="PASS" start="2024-11-02T14:43:19.492944" elapsed="0.323906"/>
</kw>
<kw name="Click" owner="Browser">
<msg time="2024-11-02T14:43:19.817916" level="INFO">Clicks the element '//li[normalize-space()='không trống']'.</msg>
<arg>${operator1FilterAdminAccount}</arg>
<tag>PageContent</tag>
<tag>Setter</tag>
<doc>Simulates mouse click on the element found by ``selector``.</doc>
<status status="PASS" start="2024-11-02T14:43:19.817193" elapsed="0.469158"/>
</kw>
<kw name="Get Elements" owner="Browser">
<msg time="2024-11-02T14:43:20.464078" level="INFO">Found locator('//div[@role=\'rowgroup\']').first() Locators successfully.</msg>
<arg>//div[@role='rowgroup']</arg>
<tag>Getter</tag>
<tag>PageContent</tag>
<doc>Returns a reference to Playwright [https://playwright.dev/docs/api/class-locator|Locator]
for all matched elements by ``selector``.</doc>
<status status="PASS" start="2024-11-02T14:43:20.286707" elapsed="0.178278"/>
</kw>
<kw name="Sleep" owner="BuiltIn">
<msg time="2024-11-02T14:43:23.466254" level="INFO">Slept 3 seconds.</msg>
<arg>3s</arg>
<doc>Pauses the test executed for the given time.</doc>
<status status="PASS" start="2024-11-02T14:43:20.465381" elapsed="3.001133"/>
</kw>
<arg>${FilterButtonAdminAccountManagementPage}</arg>
<arg>${NameAccountColumnFilterAdminAccount}</arg>
<arg>${NotEmptyOperatorFilterAdminAccount}</arg>
<tag>Unit test</tag>
<doc>This keyword is used to test the filter function for empty
for Admin's account management page  password function of the application</doc>
<status status="PASS" start="2024-11-02T14:43:14.885155" elapsed="8.581525"/>
</kw>
<kw name="Filter function for Admin's account management page function">
<kw name="New Browser" owner="Browser">
<msg time="2024-11-02T14:43:23.468830" level="INFO">Switching browser to browser=71a78afb-bae3-4af5-b233-e54471dfcd15</msg>
<msg time="2024-11-02T14:43:23.472293" level="INFO">Successfully changed active browser: browser=71a78afb-bae3-4af5-b233-e54471dfcd15</msg>
<msg time="2024-11-02T14:43:23.472604" level="INFO">Reusing existing browser with id: browser=71a78afb-bae3-4af5-b233-e54471dfcd15</msg>
<arg>browser=chromium</arg>
<arg>headless=False</arg>
<tag>BrowserControl</tag>
<tag>Setter</tag>
<doc>Create a new playwright Browser with specified options.</doc>
<status status="PASS" start="2024-11-02T14:43:23.468065" elapsed="0.004788"/>
</kw>
<kw name="New Page" owner="Browser">
<msg time="2024-11-02T14:43:24.997380" level="INFO">Successfully initialized new page object and opened url: http://localhost:4000</msg>
<arg>url=http://localhost:4000</arg>
<tag>BrowserControl</tag>
<tag>Setter</tag>
<doc>Open a new Page.</doc>
<status status="PASS" start="2024-11-02T14:43:23.473171" elapsed="1.525212"/>
</kw>
<kw name="Login admin function">
<kw name="Fill Text" owner="Browser">
<msg time="2024-11-02T14:43:25.001215" level="INFO">Fills the text 'AdminTAA01' in the given field.</msg>
<arg>//input[@id='formBasicEmail']</arg>
<arg>${emailTextField}</arg>
<tag>PageContent</tag>
<tag>Setter</tag>
<doc>Clears and fills the given ``txt`` into the text field found by ``selector``.</doc>
<status status="PASS" start="2024-11-02T14:43:25.000019" elapsed="0.111380"/>
</kw>
<kw name="Fill Text" owner="Browser">
<msg time="2024-11-02T14:43:25.112818" level="INFO">Fills the text 'AdminTAA01' in the given field.</msg>
<arg>//input[@id='formBasicPassword']</arg>
<arg>${passwordTextField}</arg>
<tag>PageContent</tag>
<tag>Setter</tag>
<doc>Clears and fills the given ``txt`` into the text field found by ``selector``.</doc>
<status status="PASS" start="2024-11-02T14:43:25.111844" elapsed="0.027154"/>
</kw>
<kw name="Click" owner="Browser">
<msg time="2024-11-02T14:43:25.140159" level="INFO">Clicks the element '//button[contains(text(),'Đăng nhập')]'.</msg>
<arg>//button[contains(text(),'Đăng nhập')]</arg>
<tag>PageContent</tag>
<tag>Setter</tag>
<doc>Simulates mouse click on the element found by ``selector``.</doc>
<status status="PASS" start="2024-11-02T14:43:25.139434" elapsed="0.051981"/>
</kw>
<arg>AdminTAA01</arg>
<arg>AdminTAA01</arg>
<status status="PASS" start="2024-11-02T14:43:24.999008" elapsed="0.192729"/>
</kw>
<kw name="Click" owner="Browser">
<msg time="2024-11-02T14:43:25.193693" level="INFO">Clicks the element '//button[@id=':ra:']'.</msg>
<arg>${filterButtonAdminAccountManagementPage}</arg>
<tag>PageContent</tag>
<tag>Setter</tag>
<doc>Simulates mouse click on the element found by ``selector``.</doc>
<status status="PASS" start="2024-11-02T14:43:25.192020" elapsed="2.426514"/>
</kw>
<kw name="Click" owner="Browser">
<msg time="2024-11-02T14:43:27.621122" level="INFO">Clicks the element '//html[1]/body[1]/div[2]/div[1]/div[2]/div[1]/div[1]/div[3]/div[1]/div[1]'.</msg>
<arg>${ColumnFilterAdminAccount}</arg>
<tag>PageContent</tag>
<tag>Setter</tag>
<doc>Simulates mouse click on the element found by ``selector``.</doc>
<status status="PASS" start="2024-11-02T14:43:27.619082" elapsed="0.133522"/>
</kw>
<kw name="Click" owner="Browser">
<msg time="2024-11-02T14:43:27.754674" level="INFO">Clicks the element '//li[contains(text(),'Tên tài khoản')]'.</msg>
<arg>${column1FilterAdminAccount}</arg>
<tag>PageContent</tag>
<tag>Setter</tag>
<doc>Simulates mouse click on the element found by ``selector``.</doc>
<status status="PASS" start="2024-11-02T14:43:27.753310" elapsed="0.380839"/>
</kw>
<kw name="Click" owner="Browser">
<msg time="2024-11-02T14:43:28.135948" level="INFO">Clicks the element '//html[1]/body[1]/div[2]/div[1]/div[2]/div[1]/div[1]/div[4]/div[1]/div[1]'.</msg>
<arg>${OperatorFilterAdminAccount}</arg>
<tag>PageContent</tag>
<tag>Setter</tag>
<doc>Simulates mouse click on the element found by ``selector``.</doc>
<status status="PASS" start="2024-11-02T14:43:28.134748" elapsed="0.278188"/>
</kw>
<kw name="Click" owner="Browser">
<msg time="2024-11-02T14:43:28.414050" level="INFO">Clicks the element '//li[contains(text(),'bất kỳ trong số')]'.</msg>
<arg>${operator1FilterAdminAccount}</arg>
<tag>PageContent</tag>
<tag>Setter</tag>
<doc>Simulates mouse click on the element found by ``selector``.</doc>
<status status="PASS" start="2024-11-02T14:43:28.413243" elapsed="0.486372"/>
</kw>
<kw name="Fill Text" owner="Browser">
<msg time="2024-11-02T14:43:28.901392" level="INFO">Fills the text 'lamcam, 0348918225' in the given field.</msg>
<msg time="2024-11-02T14:43:39.103090" level="INFO" html="true">&lt;/td&gt;&lt;/tr&gt;&lt;tr&gt;&lt;td colspan="3"&gt;&lt;a href="browser/screenshot/fail-screenshot-1.png" target="_blank"&gt;&lt;img src="browser/screenshot/fail-screenshot-1.png" width="800px"/&gt;&lt;/a&gt;</msg>
<msg time="2024-11-02T14:43:39.103765" level="INFO">See also file:///D:/Nam4/%5BSE113%5D%20Ki%E1%BB%83m%20ch%E1%BB%A9ng%20ph%E1%BA%A7n%20m%E1%BB%81m-20240914T045954Z-001/TAA%20Automation%20Robot%20Project/TAA-Automation-Robot-Project/results/playwright-log.txt for additional details.</msg>
<msg time="2024-11-02T14:43:39.104511" level="FAIL">TimeoutError: locator.fill: Timeout 10000ms exceeded.
Call log:
  - waiting for locator('//html[1]/body[1]/div[2]/div[1]/div[2]/div[1]/div[1]/div[5]/div[1]/div[1]/input[1]')
</msg>
<errors>
<msg time="2024-11-02T14:44:28.248648" level="ERROR">Execution stopped by user.</msg>
</errors>
</robot>
