<?xml version="1.0" encoding="UTF-8"?>
<robot generator="Robot 7.1 (Python 3.13.0 on win32)" generated="2024-11-23T20:28:55.737655" rpa="false" schemaversion="5">
<suite id="s1" name="E2E Flow For Admin" source="D:\Nam4\[SE113] Kiểm chứng phần mềm-20240914T045954Z-001\TAA Automation Robot Project\TAA-Automation-Robot-Project\tests\e2e_flow_for_admin.robot">
<test id="s1-t1" name="The account file should be available" line="34">
<kw name="New Browser" owner="Browser">
<msg time="2024-11-23T20:28:56.121474" level="INFO">{"browser": "chromium", "headless": false, "chromiumSandbox": false, "devtools": false, "handleSIGHUP": true, "handleSIGINT": true, "handleSIGTERM": true, "slowMo": 0.0, "timeout": 30000.0, "tracesDir": "D:\\Nam4\\[SE113] Ki\u1ec3m ch\u1ee9ng ph\u1ea7n m\u1ec1m-20240914T045954Z-001\\TAA Automation Robot Project\\TAA-Automation-Robot-Project\\results\\browser\\traces\\90199350-6487-4264-b73b-b11fc8122867"}</msg>
<msg time="2024-11-23T20:28:56.184100" level="INFO">Starting Browser process C:\Users\DELL\AppData\Local\Programs\Python\Python313\Lib\site-packages\Browser\wrapper\index.js using port 65194</msg>
<msg time="2024-11-23T20:28:56.184753" level="INFO">Node startup parameters: ['node', 'C:\\Users\\DELL\\AppData\\Local\\Programs\\Python\\Python313\\Lib\\site-packages\\Browser\\wrapper\\index.js', '65194']</msg>
<msg time="2024-11-23T20:28:57.584084" level="INFO">Successfully created browser with options: {"browser":"chromium","headless":false,"chromiumSandbox":false,"devtools":false,"handleSIGHUP":true,"handleSIGINT":true,"handleSIGTERM":true,"slowMo":0,"timeout":30000,"tracesDir":"D:\\Nam4\\[SE113] Kiểm chứng phần mềm-20240914T045954Z-001\\TAA Automation Robot Project\\TAA-Automation-Robot-Project\\results\\browser\\traces\\90199350-6487-4264-b73b-b11fc8122867"}</msg>
<arg>browser=chromium</arg>
<arg>headless=False</arg>
<tag>BrowserControl</tag>
<tag>Setter</tag>
<doc>Create a new playwright Browser with specified options.</doc>
<status status="PASS" start="2024-11-23T20:28:56.118983" elapsed="1.465757"/>
</kw>
<kw name="New Context" owner="Browser">
<msg time="2024-11-23T20:28:57.587908" level="INFO">{
  "acceptDownloads": true,
  "bypassCSP": false,
  "forcedColors": "none",
  "ignoreHTTPSErrors": false,
  "javaScriptEnabled": true,
  "offline": false,
  "reducedMotion": "no-preference",
  "serviceWorkers": "allow",
  "viewport": {
    "width": 1500,
    "height": 900
  }
}</msg>
<msg time="2024-11-23T20:28:57.621287" level="INFO">Successfully created context. </msg>
<msg time="2024-11-23T20:28:57.622362" level="INFO">{'acceptDownloads': True, 'bypassCSP': False, 'forcedColors': 'none', 'ignoreHTTPSErrors': False, 'javaScriptEnabled': True, 'offline': False, 'reducedMotion': 'no-preference', 'serviceWorkers': 'allow', 'viewport': {'width': 1500, 'height': 900}}</msg>
<arg>viewport={"width": 1500, "height":900 }</arg>
<tag>BrowserControl</tag>
<tag>Setter</tag>
<doc>Create a new BrowserContext with specified options.</doc>
<status status="PASS" start="2024-11-23T20:28:57.586033" elapsed="0.036904"/>
</kw>
<kw name="New Page" owner="Browser">
<msg time="2024-11-23T20:29:00.646932" level="INFO">Successfully initialized new page object and opened url: http://localhost:4000/accounts</msg>
<arg>url=http://localhost:4000/accounts</arg>
<tag>BrowserControl</tag>
<tag>Setter</tag>
<doc>Open a new Page.</doc>
<status status="PASS" start="2024-11-23T20:28:57.625500" elapsed="3.022268"/>
</kw>
<kw name="Fill Text" owner="Browser">
<msg time="2024-11-23T20:29:00.650054" level="INFO">Fills the text 'AdminTAA01' in the given field.</msg>
<arg>//input[@id='formBasicEmail']</arg>
<arg>${emailAdmin}</arg>
<tag>PageContent</tag>
<tag>Setter</tag>
<doc>Clears and fills the given ``txt`` into the text field found by ``selector``.</doc>
<status status="PASS" start="2024-11-23T20:29:00.648642" elapsed="0.176911"/>
</kw>
<kw name="Fill Text" owner="Browser">
<msg time="2024-11-23T20:29:00.830080" level="INFO">Fills the text 'AdminTAA01' in the given field.</msg>
<arg>${PasswordFieldLogIn}</arg>
<arg>${passwordAdmin}</arg>
<tag>PageContent</tag>
<tag>Setter</tag>
<doc>Clears and fills the given ``txt`` into the text field found by ``selector``.</doc>
<status status="PASS" start="2024-11-23T20:29:00.827838" elapsed="0.060997"/>
</kw>
<kw name="Click" owner="Browser">
<msg time="2024-11-23T20:29:00.891641" level="INFO">Clicks the element '//*[@id=":rm:"]'.</msg>
<arg>//*[@id=":rm:"]</arg>
<tag>PageContent</tag>
<tag>Setter</tag>
<doc>Simulates mouse click on the element found by ``selector``.</doc>
<status status="PASS" start="2024-11-23T20:29:00.889666" elapsed="5.009265"/>
</kw>
<kw name="Click" owner="Browser">
<msg time="2024-11-23T20:29:05.900881" level="INFO">Clicks the element '//*[@id=":rn:"]/li[1]'.</msg>
<msg time="2024-11-23T20:29:06.018887" level="INFO">Keyword 'Take Screenshot  fail-screenshot-{index}' could not be run on failure:
Error: Tried to take screenshot, but no page was open.</msg>
<msg time="2024-11-23T20:29:06.021035" level="INFO">See also file:///D:/Nam4/%5BSE113%5D%20Ki%E1%BB%83m%20ch%E1%BB%A9ng%20ph%E1%BA%A7n%20m%E1%BB%81m-20240914T045954Z-001/TAA%20Automation%20Robot%20Project/TAA-Automation-Robot-Project/results/playwright-log.txt for additional details.</msg>
<msg time="2024-11-23T20:29:06.026441" level="FAIL">Error: Could not find active page</msg>
<arg>//*[@id=":rn:"]/li[1]</arg>
<tag>PageContent</tag>
<tag>Setter</tag>
<doc>Simulates mouse click on the element found by ``selector``.</doc>
<status status="FAIL" start="2024-11-23T20:29:05.899684" elapsed="0.140414">Error: Could not find active page</status>
</kw>
<kw name="New Page" owner="Browser">
<arg>chrome://downloads/</arg>
<tag>BrowserControl</tag>
<tag>Setter</tag>
<doc>Open a new Page.</doc>
<status status="NOT RUN" start="2024-11-23T20:29:07.581705" elapsed="0.000904"/>
</kw>
<kw name="Wait For Elements State" owner="Browser">
<arg>css=#main-content</arg>
<arg>visible</arg>
<arg>timeout=2s</arg>
<tag>PageContent</tag>
<tag>Wait</tag>
<doc>Waits for the element found by ``selector`` to satisfy state option.</doc>
<status status="NOT RUN" start="2024-11-23T20:29:07.583301" elapsed="0.000467"/>
</kw>
<status status="FAIL" start="2024-11-23T20:28:56.113895" elapsed="11.470718">Error: Could not find active page</status>
</test>
<test id="s1-t2" name="Test case E2E for admin" line="47">
<kw name="When The admin goes to TAA's admin page">
<kw name="New Browser" owner="Browser">
<msg time="2024-11-23T20:29:07.701053" level="INFO">Switching browser to browser=898ff529-5bf9-4fe2-9843-874ac3b04750</msg>
<msg time="2024-11-23T20:29:07.711686" level="INFO">Successfully changed active browser: browser=898ff529-5bf9-4fe2-9843-874ac3b04750</msg>
<msg time="2024-11-23T20:29:07.712683" level="INFO">Reusing existing browser with id: browser=898ff529-5bf9-4fe2-9843-874ac3b04750</msg>
<arg>browser=chromium</arg>
<arg>headless=False</arg>
<tag>BrowserControl</tag>
<tag>Setter</tag>
<doc>Create a new playwright Browser with specified options.</doc>
<status status="PASS" start="2024-11-23T20:29:07.697564" elapsed="0.015551"/>
</kw>
<kw name="New Context" owner="Browser">
<msg time="2024-11-23T20:29:07.715368" level="INFO">{
  "acceptDownloads": true,
  "bypassCSP": false,
  "forcedColors": "none",
  "ignoreHTTPSErrors": false,
  "javaScriptEnabled": true,
  "offline": false,
  "reducedMotion": "no-preference",
  "serviceWorkers": "allow",
  "viewport": {
    "width": 1500,
    "height": 900
  }
}</msg>
<msg time="2024-11-23T20:29:07.737533" level="INFO">Successfully created context. </msg>
<msg time="2024-11-23T20:29:07.738081" level="INFO">{'acceptDownloads': True, 'bypassCSP': False, 'forcedColors': 'none', 'ignoreHTTPSErrors': False, 'javaScriptEnabled': True, 'offline': False, 'reducedMotion': 'no-preference', 'serviceWorkers': 'allow', 'viewport': {'width': 1500, 'height': 900}}</msg>
<arg>viewport={"width": 1500, "height":900 }</arg>
<tag>BrowserControl</tag>
<tag>Setter</tag>
<doc>Create a new BrowserContext with specified options.</doc>
<status status="PASS" start="2024-11-23T20:29:07.713730" elapsed="0.024990"/>
</kw>
<kw name="New Page" owner="Browser">
<msg time="2024-11-23T20:29:11.101920" level="INFO">Successfully initialized new page object and opened url: http://localhost:4000/</msg>
<arg>url=${URL_ADMIN}</arg>
<tag>BrowserControl</tag>
<tag>Setter</tag>
<doc>Open a new Page.</doc>
<status status="PASS" start="2024-11-23T20:29:07.739614" elapsed="3.362765"/>
</kw>
<kw name="Sleep For 2 Seconds">
<kw name="Sleep" owner="BuiltIn">
<msg time="2024-11-23T20:29:13.104473" level="INFO">Slept 2 seconds.</msg>
<arg>2s</arg>
<doc>Pauses the test executed for the given time.</doc>
<status status="PASS" start="2024-11-23T20:29:11.103700" elapsed="2.001101"/>
</kw>
<status status="PASS" start="2024-11-23T20:29:11.102807" elapsed="2.002320"/>
</kw>
<doc>This keyword verifies that admin can go to admin page</doc>
<status status="PASS" start="2024-11-23T20:29:07.695414" elapsed="5.409907"/>
</kw>
<kw name="And The admin should be able to login into admin page with admin ${emailAdmin} account and ${passwordAdmin} password" source_name="The admin should be able to login into admin page with admin ${emailAdmin} account and ${passwordAdmin} password">
<kw name="Fill Text" owner="Browser">
<msg time="2024-11-23T20:29:13.107929" level="INFO">Fills the text 'AdminTAA01' in the given field.</msg>
<arg>//input[@id='formBasicEmail']</arg>
<arg>${emailAdmin}</arg>
<tag>PageContent</tag>
<tag>Setter</tag>
<doc>Clears and fills the given ``txt`` into the text field found by ``selector``.</doc>
<status status="PASS" start="2024-11-23T20:29:13.106943" elapsed="0.075896"/>
</kw>
<kw name="Fill Text" owner="Browser">
<msg time="2024-11-23T20:29:13.184606" level="INFO">Fills the text 'AdminTAA01' in the given field.</msg>
<arg>${PasswordFieldLogIn}</arg>
<arg>${passwordAdmin}</arg>
<tag>PageContent</tag>
<tag>Setter</tag>
<doc>Clears and fills the given ``txt`` into the text field found by ``selector``.</doc>
<status status="PASS" start="2024-11-23T20:29:13.183306" elapsed="0.030170"/>
</kw>
<kw name="Sleep For 2 Seconds">
<kw name="Sleep" owner="BuiltIn">
<msg time="2024-11-23T20:29:15.217192" level="INFO">Slept 2 seconds.</msg>
<arg>2s</arg>
<doc>Pauses the test executed for the given time.</doc>
<status status="PASS" start="2024-11-23T20:29:13.215804" elapsed="2.001698"/>
</kw>
<status status="PASS" start="2024-11-23T20:29:13.214508" elapsed="2.003282"/>
</kw>
<kw name="Click" owner="Browser">
<msg time="2024-11-23T20:29:15.218928" level="INFO">Clicks the element '//button[contains(text(),'Đăng nhập')]'.</msg>
<arg>//button[contains(text(),'Đăng nhập')]</arg>
<tag>PageContent</tag>
<tag>Setter</tag>
<doc>Simulates mouse click on the element found by ``selector``.</doc>
<status status="PASS" start="2024-11-23T20:29:15.218037" elapsed="0.046113"/>
</kw>
<kw name="Sleep For 2 Seconds">
<kw name="Sleep" owner="BuiltIn">
<msg time="2024-11-23T20:29:17.267233" level="INFO">Slept 2 seconds.</msg>
<arg>2s</arg>
<doc>Pauses the test executed for the given time.</doc>
<status status="PASS" start="2024-11-23T20:29:15.266075" elapsed="2.001504"/>
</kw>
<status status="PASS" start="2024-11-23T20:29:15.264904" elapsed="2.003184"/>
</kw>
<status status="PASS" start="2024-11-23T20:29:13.105924" elapsed="4.162460"/>
</kw>
<kw name="Then The admin should be able to see account page">
<kw name="New Page" owner="Browser">
<msg time="2024-11-23T20:29:19.174418" level="INFO">Successfully initialized new page object and opened url: http://localhost:4000/accounts</msg>
<arg>url=${URL_ADMINACCOUNT}</arg>
<tag>BrowserControl</tag>
<tag>Setter</tag>
<doc>Open a new Page.</doc>
<status status="PASS" start="2024-11-23T20:29:17.270406" elapsed="1.904581"/>
</kw>
<kw name="Scroll To" owner="Browser">
<msg time="2024-11-23T20:29:19.849902" level="INFO">JavaScript executed successfully.</msg>
<msg time="2024-11-23T20:29:19.850207" level="INFO">JavaScript executed successfully.</msg>
<msg time="2024-11-23T20:29:19.986810" level="INFO">JavaScript executed successfully.</msg>
<msg time="2024-11-23T20:29:19.987016" level="INFO">JavaScript executed successfully.</msg>
<msg time="2024-11-23T20:29:20.033790" level="INFO">JavaScript executed successfully.</msg>
<arg>vertical=bottom</arg>
<tag>PageContent</tag>
<tag>Setter</tag>
<doc>Scrolls an element or the page to an absolute position based on given coordinates.</doc>
<status status="PASS" start="2024-11-23T20:29:19.175396" elapsed="0.858882"/>
</kw>
<status status="PASS" start="2024-11-23T20:29:17.268965" elapsed="2.765604"/>
</kw>
<kw name="When The admin manages columns on the account page">
<kw name="Click" owner="Browser">
<msg time="2024-11-23T20:29:20.036578" level="INFO">Clicks the element '//*[@id=":r4:"]'.</msg>
<arg>${ColumnButtonAdminAccount}</arg>
<tag>PageContent</tag>
<tag>Setter</tag>
<doc>Simulates mouse click on the element found by ``selector``.</doc>
<status status="PASS" start="2024-11-23T20:29:20.035796" elapsed="0.297841"/>
</kw>
<kw name="Sleep For 2 Seconds">
<kw name="Sleep" owner="BuiltIn">
<msg time="2024-11-23T20:29:22.336426" level="INFO">Slept 2 seconds.</msg>
<arg>2s</arg>
<doc>Pauses the test executed for the given time.</doc>
<status status="PASS" start="2024-11-23T20:29:20.335428" elapsed="2.001237"/>
</kw>
<status status="PASS" start="2024-11-23T20:29:20.334213" elapsed="2.002729"/>
</kw>
<doc>Toggles the visibility of columns on the account page.</doc>
<status status="PASS" start="2024-11-23T20:29:20.035082" elapsed="2.302007"/>
</kw>
<kw name="Then The admin should be able to hide or show column on the account page">
<kw name="Click" owner="Browser">
<msg time="2024-11-23T20:29:22.338581" level="INFO">Clicks the element '//*[@id=":r5:"]/div/div[2]/div[3]'.</msg>
<arg>//*[@id=":r5:"]/div/div[2]/div[3]</arg>
<tag>PageContent</tag>
<tag>Setter</tag>
<doc>Simulates mouse click on the element found by ``selector``.</doc>
<status status="PASS" start="2024-11-23T20:29:22.337938" elapsed="0.162786"/>
</kw>
<kw name="Click" owner="Browser">
<msg time="2024-11-23T20:29:22.502072" level="INFO">Clicks the element '//*[@id=":r5:"]/div/div[2]/div[3]'.</msg>
<arg>//*[@id=":r5:"]/div/div[2]/div[3]</arg>
<tag>PageContent</tag>
<tag>Setter</tag>
<doc>Simulates mouse click on the element found by ``selector``.</doc>
<status status="PASS" start="2024-11-23T20:29:22.501127" elapsed="0.365344"/>
</kw>
<kw name="Click" owner="Browser">
<msg time="2024-11-23T20:29:22.869726" level="INFO">Clicks the element '//*[@id=":r4:"]'.</msg>
<arg>${ColumnButtonAdminAccount}</arg>
<tag>PageContent</tag>
<tag>Setter</tag>
<doc>Simulates mouse click on the element found by ``selector``.</doc>
<status status="PASS" start="2024-11-23T20:29:22.867032" elapsed="0.194131"/>
</kw>
<kw name="Sleep For 2 Seconds">
<kw name="Sleep" owner="BuiltIn">
<msg time="2024-11-23T20:29:25.064619" level="INFO">Slept 2 seconds.</msg>
<arg>2s</arg>
<doc>Pauses the test executed for the given time.</doc>
<status status="PASS" start="2024-11-23T20:29:23.063434" elapsed="2.001528"/>
</kw>
<status status="PASS" start="2024-11-23T20:29:23.062009" elapsed="2.003172"/>
</kw>
<doc>Confirms column visibility changes on the account page.</doc>
<status status="PASS" start="2024-11-23T20:29:22.337461" elapsed="2.727828"/>
</kw>
<kw name="When The admin applies filters on the account page">
<kw name="Click" owner="Browser">
<msg time="2024-11-23T20:29:25.067584" level="INFO">Clicks the element '//*[@id=":ra:"]'.</msg>
<arg>//*[@id=":ra:"]</arg>
<tag>PageContent</tag>
<tag>Setter</tag>
<doc>Simulates mouse click on the element found by ``selector``.</doc>
<status status="PASS" start="2024-11-23T20:29:25.066597" elapsed="0.495690"/>
</kw>
<kw name="Sleep For 2 Seconds">
<kw name="Sleep" owner="BuiltIn">
<msg time="2024-11-23T20:29:27.568588" level="INFO">Slept 2 seconds.</msg>
<arg>2s</arg>
<doc>Pauses the test executed for the given time.</doc>
<status status="PASS" start="2024-11-23T20:29:25.567174" elapsed="2.002267"/>
</kw>
<status status="PASS" start="2024-11-23T20:29:25.563901" elapsed="2.005991"/>
</kw>
<doc>Applies filters on the account page.</doc>
<status status="PASS" start="2024-11-23T20:29:25.065860" elapsed="2.504502"/>
</kw>
<kw name="Then The admin should see filtered rows based on columns, operators, and values on the account page">
<kw name="Wait For Elements State" owner="Browser">
<msg time="2024-11-23T20:29:27.584302" level="INFO">Waited for Element with selector xpath=//*[@id=":rb:"]/div/div[2]/div/div at state visible</msg>
<arg>xpath=//*[@id=":rb:"]/div/div[2]/div/div</arg>
<arg>visible</arg>
<arg>timeout=10s</arg>
<tag>PageContent</tag>
<tag>Wait</tag>
<doc>Waits for the element found by ``selector`` to satisfy state option.</doc>
<status status="PASS" start="2024-11-23T20:29:27.572192" elapsed="0.012407"/>
</kw>
<kw name="Sleep For 2 Seconds">
<kw name="Sleep" owner="BuiltIn">
<msg time="2024-11-23T20:29:29.586443" level="INFO">Slept 2 seconds.</msg>
<arg>2s</arg>
<doc>Pauses the test executed for the given time.</doc>
<status status="PASS" start="2024-11-23T20:29:27.585440" elapsed="2.001321"/>
</kw>
<status status="PASS" start="2024-11-23T20:29:27.584884" elapsed="2.002095"/>
</kw>
<doc>Verifies filtered rows are displayed based on filters applied.</doc>
<status status="PASS" start="2024-11-23T20:29:27.571115" elapsed="2.015978"/>
</kw>
<kw name="When The admin applies thickness settings on the account page">
<kw name="Click" owner="Browser">
<msg time="2024-11-23T20:29:29.590222" level="INFO">Clicks the element '//*[@id=":rg:"]'.</msg>
<msg time="2024-11-23T20:29:29.661253" level="INFO">Keyword 'Take Screenshot  fail-screenshot-{index}' could not be run on failure:
Error: Tried to take screenshot, but no page was open.</msg>
<msg time="2024-11-23T20:29:29.661654" level="INFO">See also file:///D:/Nam4/%5BSE113%5D%20Ki%E1%BB%83m%20ch%E1%BB%A9ng%20ph%E1%BA%A7n%20m%E1%BB%81m-20240914T045954Z-001/TAA%20Automation%20Robot%20Project/TAA-Automation-Robot-Project/results/playwright-log.txt for additional details.</msg>
<msg time="2024-11-23T20:29:29.661896" level="FAIL">Error: Could not find active page</msg>
<arg>//*[@id=":rg:"]</arg>
<tag>PageContent</tag>
<tag>Setter</tag>
<doc>Simulates mouse click on the element found by ``selector``.</doc>
<status status="FAIL" start="2024-11-23T20:29:29.588523" elapsed="0.078324">Error: Could not find active page</status>
</kw>
<kw name="Sleep For 2 Seconds">
<status status="NOT RUN" start="2024-11-23T20:29:29.677994" elapsed="0.000408"/>
</kw>
<doc>Adjusts row thickness on the account page.</doc>
<status status="FAIL" start="2024-11-23T20:29:29.587536" elapsed="0.091158">Error: Could not find active page</status>
</kw>
<kw name="Then The admin should be able to adjusts thickness settings on the account page">
<doc>Verifies row thickness settings on the account page.</doc>
<status status="NOT RUN" start="2024-11-23T20:29:29.692288" elapsed="0.000524"/>
</kw>
<kw name="When The admin exports the account data to CSV">
<doc>Exports account data to a CSV file.</doc>
<status status="NOT RUN" start="2024-11-23T20:29:29.693590" elapsed="0.000316"/>
</kw>
<kw name="When The admin navigates to order page">
<doc>Navigates to the order page.</doc>
<status status="NOT RUN" start="2024-11-23T20:29:29.694386" elapsed="0.000306"/>
</kw>
<kw name="Then The admin should be able to see order page">
<doc>Verifies the order page is displayed.</doc>
<status status="NOT RUN" start="2024-11-23T20:29:29.695162" elapsed="0.000255"/>
</kw>
<kw name="When The admin manages columns on the order page">
<doc>Toggles the visibility of columns on the order page.</doc>
<status status="NOT RUN" start="2024-11-23T20:29:29.695848" elapsed="0.000443"/>
</kw>
<kw name="Then The admin should be able to hide or show columns on the order page">
<doc>Confirms column visibility changes on the order page.</doc>
<status status="NOT RUN" start="2024-11-23T20:29:29.697936" elapsed="0.000609"/>
</kw>
<kw name="When The admin applies filters on the order page">
<doc>Applies filters on the order page.</doc>
<status status="NOT RUN" start="2024-11-23T20:29:29.699433" elapsed="0.000345"/>
</kw>
<kw name="Then The admin should see filtered rows based on columns, operators, and values on the order page">
<doc>Verifies filtered rows are displayed based on filters applied.</doc>
<status status="NOT RUN" start="2024-11-23T20:29:29.700336" elapsed="0.000333"/>
</kw>
<kw name="When The admin applies thickness settings on the order page">
<doc>Adjusts row thickness on the order page.</doc>
<status status="NOT RUN" start="2024-11-23T20:29:29.701162" elapsed="0.000271"/>
</kw>
<kw name="Then The admin should be able to adjusts thickness settings on the order page">
<doc>Verifies row thickness settings on the order page.</doc>
<status status="NOT RUN" start="2024-11-23T20:29:29.702041" elapsed="0.000286"/>
</kw>
<kw name="When The admin exports the order data to CSV">
<doc>Exports account data to a CSV file.</doc>
<status status="NOT RUN" start="2024-11-23T20:29:29.702768" elapsed="0.000365"/>
</kw>
<kw name="When The admin navigates to product page">
<doc>Navigates to the product page.</doc>
<status status="NOT RUN" start="2024-11-23T20:29:29.703585" elapsed="0.000301"/>
</kw>
<kw name="Then The admin should be able to see product page">
<doc>Verifies the product page is displayed.</doc>
<status status="NOT RUN" start="2024-11-23T20:29:29.704418" elapsed="0.000284"/>
</kw>
<kw name="When The admin deletes a product in admin panel">
<doc>Deletes a product in the admin panel.</doc>
<status status="NOT RUN" start="2024-11-23T20:29:29.705893" elapsed="0.000626"/>
</kw>
<kw name="Then The product should be able to deleted successfully">
<doc>Confirms product deletion.</doc>
<status status="NOT RUN" start="2024-11-23T20:29:29.707689" elapsed="0.000438"/>
</kw>
<kw name="When The admin manages columns on the product page">
<doc>Toggles the visibility of columns on the product page.</doc>
<status status="NOT RUN" start="2024-11-23T20:29:29.708665" elapsed="0.000384"/>
</kw>
<kw name="Then The admin should be able to hide or show column on the product page">
<doc>Confirms column visibility changes on the product page.</doc>
<status status="NOT RUN" start="2024-11-23T20:29:29.709564" elapsed="0.000275"/>
</kw>
<kw name="When The admin applies filters on the product page">
<doc>Applies filters on the product page.</doc>
<status status="NOT RUN" start="2024-11-23T20:29:29.710444" elapsed="0.000260"/>
</kw>
<kw name="Then The admin should see filtered rows based on columns, operators, and values on the product page">
<doc>Verifies filtered rows are displayed based on filters applied.</doc>
<status status="NOT RUN" start="2024-11-23T20:29:29.711220" elapsed="0.000300"/>
</kw>
<kw name="When The admin applies thickness settings on the product page">
<doc>Adjusts row thickness on the product pagee.</doc>
<status status="NOT RUN" start="2024-11-23T20:29:29.711954" elapsed="0.000270"/>
</kw>
<kw name="Then The admin should be able to adjusts thickness settings on the product page">
<doc>Verifies row thickness settings on the product page.</doc>
<status status="NOT RUN" start="2024-11-23T20:29:29.712718" elapsed="0.000288"/>
</kw>
<kw name="When The admin exports the product data to CSV">
<doc>Exports product data to a CSV file.</doc>
<status status="NOT RUN" start="2024-11-23T20:29:29.714062" elapsed="0.000619"/>
</kw>
<kw name="When The admin navigates to news page">
<doc>Navigates to the news page.</doc>
<status status="NOT RUN" start="2024-11-23T20:29:29.715497" elapsed="0.000393"/>
</kw>
<kw name="Then The admin should be able to see news page">
<doc>Verifies the news page is displayed.</doc>
<status status="NOT RUN" start="2024-11-23T20:29:29.716447" elapsed="0.000294"/>
</kw>
<kw name="When The admin deletes a news in admin panel">
<doc>Deletes a news item in the admin panel.</doc>
<status status="NOT RUN" start="2024-11-23T20:29:29.717176" elapsed="0.000251"/>
</kw>
<kw name="Then The news should be able to deleted successfully">
<doc>Confirms news deletion.</doc>
<status status="NOT RUN" start="2024-11-23T20:29:29.718002" elapsed="0.000291"/>
</kw>
<kw name="When The admin manages columns on the news page">
<doc>Toggles the visibility of columns on the news page.</doc>
<status status="NOT RUN" start="2024-11-23T20:29:29.718828" elapsed="0.000392"/>
</kw>
<kw name="Then The admin should be able to hide or show column on the news page">
<doc>Confirms column visibility changes on the news page.</doc>
<status status="NOT RUN" start="2024-11-23T20:29:29.719708" elapsed="0.000290"/>
</kw>
<kw name="When The admin applies filters on the news page">
<doc>Applies filters on the news page.</doc>
<status status="NOT RUN" start="2024-11-23T20:29:29.720500" elapsed="0.000256"/>
</kw>
<kw name="Then The admin should see filtered rows based on columns, operators, and values on the news page">
<doc>Verifies filtered rows are displayed based on filters applied.</doc>
<status status="NOT RUN" start="2024-11-23T20:29:29.721172" elapsed="0.000772"/>
</kw>
<kw name="When The admin applies thickness settings on the news page">
<doc>Adjusts row thickness on the news pagee.</doc>
<status status="NOT RUN" start="2024-11-23T20:29:29.724405" elapsed="0.000539"/>
</kw>
<kw name="Then The admin should be able to adjusts thickness settings on the news page">
<doc>Verifies row thickness settings on the news page.</doc>
<status status="NOT RUN" start="2024-11-23T20:29:29.725585" elapsed="0.000317"/>
</kw>
<kw name="When The admin exports the news data to CSV">
<doc>Exports news data to a CSV file.</doc>
<status status="NOT RUN" start="2024-11-23T20:29:29.726338" elapsed="0.000247"/>
</kw>
<status status="FAIL" start="2024-11-23T20:29:07.685223" elapsed="22.042084">Error: Could not find active page</status>
</test>
<doc>This Feature verifies the solution E2E scenario of website for user</doc>
<status status="FAIL" start="2024-11-23T20:28:55.752282" elapsed="34.069000"/>
</suite>
<statistics>
<total>
<stat pass="0" fail="2" skip="0">All Tests</stat>
</total>
<tag>
</tag>
<suite>
<stat pass="0" fail="2" skip="0" id="s1" name="E2E Flow For Admin">E2E Flow For Admin</stat>
</suite>
</statistics>
<errors>
</errors>
</robot>
