<?xml version="1.0" encoding="UTF-8"?>
<robot generator="Robot 7.1 (Python 3.13.0 on win32)" generated="2024-11-02T00:30:19.675505" rpa="false" schemaversion="5">
<suite id="s1" name="Unit Test" source="D:\Nam4\[SE113] Kiểm chứng phần mềm-20240914T045954Z-001\TAA Automation Robot Project\TAA-Automation-Robot-Project\tests\unit_test.robot">
<test id="s1-t1" name="Unit test for login function" line="10">
<kw name="Login function">
<kw name="New Browser" owner="Browser">
<msg time="2024-11-02T00:30:20.057210" level="INFO">{"browser": "chromium", "headless": false, "chromiumSandbox": false, "devtools": false, "handleSIGHUP": true, "handleSIGINT": true, "handleSIGTERM": true, "slowMo": 0.0, "timeout": 30000.0, "tracesDir": "D:\\Nam4\\[SE113] Ki\u1ec3m ch\u1ee9ng ph\u1ea7n m\u1ec1m-20240914T045954Z-001\\TAA Automation Robot Project\\TAA-Automation-Robot-Project\\results\\browser\\traces\\ba62c138-7514-426e-ad14-fe7b1a47f967"}</msg>
<msg time="2024-11-02T00:30:20.107398" level="INFO">Starting Browser process C:\Users\DELL\AppData\Local\Programs\Python\Python313\Lib\site-packages\Browser\wrapper\index.js using port 60746</msg>
<msg time="2024-11-02T00:30:20.107845" level="INFO">Node startup parameters: ['node', 'C:\\Users\\DELL\\AppData\\Local\\Programs\\Python\\Python313\\Lib\\site-packages\\Browser\\wrapper\\index.js', '60746']</msg>
<msg time="2024-11-02T00:30:21.563287" level="INFO">Successfully created browser with options: {"browser":"chromium","headless":false,"chromiumSandbox":false,"devtools":false,"handleSIGHUP":true,"handleSIGINT":true,"handleSIGTERM":true,"slowMo":0,"timeout":30000,"tracesDir":"D:\\Nam4\\[SE113] Kiểm chứng phần mềm-20240914T045954Z-001\\TAA Automation Robot Project\\TAA-Automation-Robot-Project\\results\\browser\\traces\\ba62c138-7514-426e-ad14-fe7b1a47f967"}</msg>
<arg>browser=chromium</arg>
<arg>headless=False</arg>
<tag>BrowserControl</tag>
<tag>Setter</tag>
<doc>Create a new playwright Browser with specified options.</doc>
<status status="PASS" start="2024-11-02T00:30:20.055318" elapsed="1.508852"/>
</kw>
<kw name="New Page" owner="Browser">
<msg time="2024-11-02T00:30:25.242433" level="INFO">Successfully initialized new page object and opened url: http://localhost:3000/log_in</msg>
<msg time="2024-11-02T00:30:25.243058" level="INFO">No context was open. New context was automatically opened when this page is created.</msg>
<arg>url=http://localhost:3000/log_in</arg>
<tag>BrowserControl</tag>
<tag>Setter</tag>
<doc>Open a new Page.</doc>
<status status="PASS" start="2024-11-02T00:30:21.564685" elapsed="3.679250"/>
</kw>
<kw name="Fill Text" owner="Browser">
<msg time="2024-11-02T00:30:25.246233" level="INFO">Fills the text 'xxnhi2712@gmail.com' in the given field.</msg>
<arg>${EmailFieldLogIn}</arg>
<arg>${emailUser}</arg>
<tag>PageContent</tag>
<tag>Setter</tag>
<doc>Clears and fills the given ``txt`` into the text field found by ``selector``.</doc>
<status status="PASS" start="2024-11-02T00:30:25.244495" elapsed="0.375391"/>
</kw>
<kw name="Fill Text" owner="Browser">
<msg time="2024-11-02T00:30:25.621741" level="INFO">Fills the text 'Xuannhi03!' in the given field.</msg>
<arg>${PasswordFieldLogIn}</arg>
<arg>${passwordUser}</arg>
<tag>PageContent</tag>
<tag>Setter</tag>
<doc>Clears and fills the given ``txt`` into the text field found by ``selector``.</doc>
<status status="PASS" start="2024-11-02T00:30:25.620379" elapsed="0.049665"/>
</kw>
<kw name="Click" owner="Browser">
<msg time="2024-11-02T00:30:25.673710" level="INFO">Clicks the element '//button[@class='login_btn body-large']'.</msg>
<arg>${LoginButtonLogIn}</arg>
<tag>PageContent</tag>
<tag>Setter</tag>
<doc>Simulates mouse click on the element found by ``selector``.</doc>
<status status="PASS" start="2024-11-02T00:30:25.670630" elapsed="0.169945"/>
</kw>
<arg>xxnhi2712@gmail.com</arg>
<arg>Xuannhi03!</arg>
<tag>Unit test</tag>
<doc>This keyword is used to test the login function of the application</doc>
<status status="PASS" start="2024-11-02T00:30:20.053379" elapsed="5.787542"/>
</kw>
<kw name="The user should be able to see their &quot;xxnhi2712&quot; username in home page" source_name="The user should be able to see their &quot;${username}&quot; username in home page">
<kw name="Get Text" owner="Browser">
<msg time="2024-11-02T00:30:28.532053" level="INFO">Text: 'xxnhi2712'</msg>
<arg>${UsernameHomePage}</arg>
<arg>==</arg>
<arg>${username}</arg>
<tag>Assertion</tag>
<tag>Getter</tag>
<tag>PageContent</tag>
<doc>Returns text attribute of the element found by ``selector``.</doc>
<status status="PASS" start="2024-11-02T00:30:25.842446" elapsed="2.690895"/>
</kw>
<status status="PASS" start="2024-11-02T00:30:25.841518" elapsed="2.692552"/>
</kw>
<kw name="Login function">
<kw name="New Browser" owner="Browser">
<msg time="2024-11-02T00:30:28.538105" level="INFO">Switching browser to browser=0e138f81-644b-4cc8-948b-bceaa1802a2f</msg>
<msg time="2024-11-02T00:30:28.544443" level="INFO">Successfully changed active browser: browser=0e138f81-644b-4cc8-948b-bceaa1802a2f</msg>
<msg time="2024-11-02T00:30:28.544942" level="INFO">Reusing existing browser with id: browser=0e138f81-644b-4cc8-948b-bceaa1802a2f</msg>
<arg>browser=chromium</arg>
<arg>headless=False</arg>
<tag>BrowserControl</tag>
<tag>Setter</tag>
<doc>Create a new playwright Browser with specified options.</doc>
<status status="PASS" start="2024-11-02T00:30:28.536506" elapsed="0.008732"/>
</kw>
<kw name="New Page" owner="Browser">
<msg time="2024-11-02T00:30:32.158647" level="INFO">Successfully initialized new page object and opened url: http://localhost:3000/log_in</msg>
<arg>url=http://localhost:3000/log_in</arg>
<tag>BrowserControl</tag>
<tag>Setter</tag>
<doc>Open a new Page.</doc>
<status status="PASS" start="2024-11-02T00:30:28.545609" elapsed="3.613907"/>
</kw>
<kw name="Fill Text" owner="Browser">
<msg time="2024-11-02T00:30:32.161731" level="INFO">Fills the text 'xxnhi2712@gmail.com' in the given field.</msg>
<arg>${EmailFieldLogIn}</arg>
<arg>${emailUser}</arg>
<tag>PageContent</tag>
<tag>Setter</tag>
<doc>Clears and fills the given ``txt`` into the text field found by ``selector``.</doc>
<status status="PASS" start="2024-11-02T00:30:32.160048" elapsed="0.453655"/>
</kw>
<kw name="Fill Text" owner="Browser">
<msg time="2024-11-02T00:30:32.617600" level="INFO">Fills the text 'abcd' in the given field.</msg>
<arg>${PasswordFieldLogIn}</arg>
<arg>${passwordUser}</arg>
<tag>PageContent</tag>
<tag>Setter</tag>
<doc>Clears and fills the given ``txt`` into the text field found by ``selector``.</doc>
<status status="PASS" start="2024-11-02T00:30:32.614270" elapsed="0.055305"/>
</kw>
<kw name="Click" owner="Browser">
<msg time="2024-11-02T00:30:32.671668" level="INFO">Clicks the element '//button[@class='login_btn body-large']'.</msg>
<arg>${LoginButtonLogIn}</arg>
<tag>PageContent</tag>
<tag>Setter</tag>
<doc>Simulates mouse click on the element found by ``selector``.</doc>
<status status="PASS" start="2024-11-02T00:30:32.670110" elapsed="0.074619"/>
</kw>
<arg>xxnhi2712@gmail.com</arg>
<arg>abcd</arg>
<tag>Unit test</tag>
<doc>This keyword is used to test the login function of the application</doc>
<status status="PASS" start="2024-11-02T00:30:28.535379" elapsed="4.209785"/>
</kw>
<kw name="The user should be able to see error message">
<kw name="Get Text" owner="Browser">
<msg time="2024-11-02T00:30:33.027340" level="INFO">Text: 'Mật khẩu không khớp!'</msg>
<arg>${textLocator}</arg>
<arg>==</arg>
<arg>${text}</arg>
<tag>Assertion</tag>
<tag>Getter</tag>
<tag>PageContent</tag>
<doc>Returns text attribute of the element found by ``selector``.</doc>
<status status="PASS" start="2024-11-02T00:30:32.747056" elapsed="0.281008"/>
</kw>
<arg>Mật khẩu không khớp!</arg>
<arg>//small[@class='text-muted form-text']</arg>
<status status="PASS" start="2024-11-02T00:30:32.745857" elapsed="0.282650"/>
</kw>
<kw name="Login function">
<kw name="New Browser" owner="Browser">
<msg time="2024-11-02T00:30:33.031443" level="INFO">Switching browser to browser=0e138f81-644b-4cc8-948b-bceaa1802a2f</msg>
<msg time="2024-11-02T00:30:33.037997" level="INFO">Successfully changed active browser: browser=0e138f81-644b-4cc8-948b-bceaa1802a2f</msg>
<msg time="2024-11-02T00:30:33.038635" level="INFO">Reusing existing browser with id: browser=0e138f81-644b-4cc8-948b-bceaa1802a2f</msg>
<arg>browser=chromium</arg>
<arg>headless=False</arg>
<tag>BrowserControl</tag>
<tag>Setter</tag>
<doc>Create a new playwright Browser with specified options.</doc>
<status status="PASS" start="2024-11-02T00:30:33.030138" elapsed="0.008817"/>
</kw>
<kw name="New Page" owner="Browser">
<msg time="2024-11-02T00:30:36.642295" level="INFO">Successfully initialized new page object and opened url: http://localhost:3000/log_in</msg>
<arg>url=http://localhost:3000/log_in</arg>
<tag>BrowserControl</tag>
<tag>Setter</tag>
<doc>Open a new Page.</doc>
<status status="PASS" start="2024-11-02T00:30:33.039254" elapsed="3.603806"/>
</kw>
<kw name="Fill Text" owner="Browser">
<msg time="2024-11-02T00:30:36.645856" level="INFO">Fills the text 'abcd@gmail.com' in the given field.</msg>
<arg>${EmailFieldLogIn}</arg>
<arg>${emailUser}</arg>
<tag>PageContent</tag>
<tag>Setter</tag>
<doc>Clears and fills the given ``txt`` into the text field found by ``selector``.</doc>
<status status="PASS" start="2024-11-02T00:30:36.643943" elapsed="0.398503"/>
</kw>
<kw name="Fill Text" owner="Browser">
<msg time="2024-11-02T00:30:37.043977" level="INFO">Fills the text 'Xuannhi03!' in the given field.</msg>
<arg>${PasswordFieldLogIn}</arg>
<arg>${passwordUser}</arg>
<tag>PageContent</tag>
<tag>Setter</tag>
<doc>Clears and fills the given ``txt`` into the text field found by ``selector``.</doc>
<status status="PASS" start="2024-11-02T00:30:37.042901" elapsed="0.042362"/>
</kw>
<kw name="Click" owner="Browser">
<msg time="2024-11-02T00:30:37.087396" level="INFO">Clicks the element '//button[@class='login_btn body-large']'.</msg>
<arg>${LoginButtonLogIn}</arg>
<tag>PageContent</tag>
<tag>Setter</tag>
<doc>Simulates mouse click on the element found by ``selector``.</doc>
<status status="PASS" start="2024-11-02T00:30:37.085902" elapsed="0.071484"/>
</kw>
<arg>abcd@gmail.com</arg>
<arg>Xuannhi03!</arg>
<tag>Unit test</tag>
<doc>This keyword is used to test the login function of the application</doc>
<status status="PASS" start="2024-11-02T00:30:33.029222" elapsed="4.128452"/>
</kw>
<kw name="The user should be able to see error message">
<kw name="Get Text" owner="Browser">
<msg time="2024-11-02T00:30:37.253275" level="INFO">Text: 'Email không tồn tại!'</msg>
<arg>${textLocator}</arg>
<arg>==</arg>
<arg>${text}</arg>
<tag>Assertion</tag>
<tag>Getter</tag>
<tag>PageContent</tag>
<doc>Returns text attribute of the element found by ``selector``.</doc>
<status status="PASS" start="2024-11-02T00:30:37.159203" elapsed="0.094535"/>
</kw>
<arg>Email không tồn tại!</arg>
<arg>//small[@class='text-muted form-text']</arg>
<status status="PASS" start="2024-11-02T00:30:37.158196" elapsed="0.095866"/>
</kw>
<kw name="Login function">
<kw name="New Browser" owner="Browser">
<msg time="2024-11-02T00:30:37.257068" level="INFO">Switching browser to browser=0e138f81-644b-4cc8-948b-bceaa1802a2f</msg>
<msg time="2024-11-02T00:30:37.262036" level="INFO">Successfully changed active browser: browser=0e138f81-644b-4cc8-948b-bceaa1802a2f</msg>
<msg time="2024-11-02T00:30:37.262502" level="INFO">Reusing existing browser with id: browser=0e138f81-644b-4cc8-948b-bceaa1802a2f</msg>
<arg>browser=chromium</arg>
<arg>headless=False</arg>
<tag>BrowserControl</tag>
<tag>Setter</tag>
<doc>Create a new playwright Browser with specified options.</doc>
<status status="PASS" start="2024-11-02T00:30:37.255811" elapsed="0.006962"/>
</kw>
<kw name="New Page" owner="Browser">
<msg time="2024-11-02T00:30:40.210804" level="INFO">Successfully initialized new page object and opened url: http://localhost:3000/log_in</msg>
<arg>url=http://localhost:3000/log_in</arg>
<tag>BrowserControl</tag>
<tag>Setter</tag>
<doc>Open a new Page.</doc>
<status status="PASS" start="2024-11-02T00:30:37.263137" elapsed="2.948727"/>
</kw>
<kw name="Fill Text" owner="Browser">
<msg time="2024-11-02T00:30:40.215892" level="INFO">Fills the text 'abcd@gmail.com' in the given field.</msg>
<arg>${EmailFieldLogIn}</arg>
<arg>${emailUser}</arg>
<tag>PageContent</tag>
<tag>Setter</tag>
<doc>Clears and fills the given ``txt`` into the text field found by ``selector``.</doc>
<status status="PASS" start="2024-11-02T00:30:40.212921" elapsed="0.384454"/>
</kw>
<kw name="Fill Text" owner="Browser">
<msg time="2024-11-02T00:30:40.598906" level="INFO">Fills the text 'abcd' in the given field.</msg>
<arg>${PasswordFieldLogIn}</arg>
<arg>${passwordUser}</arg>
<tag>PageContent</tag>
<tag>Setter</tag>
<doc>Clears and fills the given ``txt`` into the text field found by ``selector``.</doc>
<status status="PASS" start="2024-11-02T00:30:40.597715" elapsed="0.035788"/>
</kw>
<kw name="Click" owner="Browser">
<msg time="2024-11-02T00:30:40.635181" level="INFO">Clicks the element '//button[@class='login_btn body-large']'.</msg>
<arg>${LoginButtonLogIn}</arg>
<tag>PageContent</tag>
<tag>Setter</tag>
<doc>Simulates mouse click on the element found by ``selector``.</doc>
<status status="PASS" start="2024-11-02T00:30:40.633899" elapsed="0.064209"/>
</kw>
<arg>abcd@gmail.com</arg>
<arg>abcd</arg>
<tag>Unit test</tag>
<doc>This keyword is used to test the login function of the application</doc>
<status status="PASS" start="2024-11-02T00:30:37.254692" elapsed="3.443735"/>
</kw>
<kw name="The user should be able to see error message">
<kw name="Get Text" owner="Browser">
<msg time="2024-11-02T00:30:40.782690" level="INFO">Text: 'Email không tồn tại!'</msg>
<arg>${textLocator}</arg>
<arg>==</arg>
<arg>${text}</arg>
<tag>Assertion</tag>
<tag>Getter</tag>
<tag>PageContent</tag>
<doc>Returns text attribute of the element found by ``selector``.</doc>
<status status="PASS" start="2024-11-02T00:30:40.699849" elapsed="0.084913"/>
</kw>
<arg>Email không tồn tại!</arg>
<arg>//small[@class='text-muted form-text']</arg>
<status status="PASS" start="2024-11-02T00:30:40.698960" elapsed="0.086280"/>
</kw>
<kw name="Login function">
<kw name="New Browser" owner="Browser">
<msg time="2024-11-02T00:30:40.789385" level="INFO">Switching browser to browser=0e138f81-644b-4cc8-948b-bceaa1802a2f</msg>
<msg time="2024-11-02T00:30:40.794452" level="INFO">Successfully changed active browser: browser=0e138f81-644b-4cc8-948b-bceaa1802a2f</msg>
<msg time="2024-11-02T00:30:40.794915" level="INFO">Reusing existing browser with id: browser=0e138f81-644b-4cc8-948b-bceaa1802a2f</msg>
<arg>browser=chromium</arg>
<arg>headless=False</arg>
<tag>BrowserControl</tag>
<tag>Setter</tag>
<doc>Create a new playwright Browser with specified options.</doc>
<status status="PASS" start="2024-11-02T00:30:40.788554" elapsed="0.006884"/>
</kw>
<kw name="New Page" owner="Browser">
<msg time="2024-11-02T00:30:44.226526" level="INFO">Successfully initialized new page object and opened url: http://localhost:3000/log_in</msg>
<arg>url=http://localhost:3000/log_in</arg>
<tag>BrowserControl</tag>
<tag>Setter</tag>
<doc>Open a new Page.</doc>
<status status="PASS" start="2024-11-02T00:30:40.795767" elapsed="3.432127"/>
</kw>
<kw name="Fill Text" owner="Browser">
<msg time="2024-11-02T00:30:44.229784" level="INFO">Fills the text '' in the given field.</msg>
<arg>${EmailFieldLogIn}</arg>
<arg>${emailUser}</arg>
<tag>PageContent</tag>
<tag>Setter</tag>
<doc>Clears and fills the given ``txt`` into the text field found by ``selector``.</doc>
<status status="PASS" start="2024-11-02T00:30:44.228319" elapsed="0.389309"/>
</kw>
<kw name="Fill Text" owner="Browser">
<msg time="2024-11-02T00:30:44.619792" level="INFO">Fills the text '' in the given field.</msg>
<arg>${PasswordFieldLogIn}</arg>
<arg>${passwordUser}</arg>
<tag>PageContent</tag>
<tag>Setter</tag>
<doc>Clears and fills the given ``txt`` into the text field found by ``selector``.</doc>
<status status="PASS" start="2024-11-02T00:30:44.618329" elapsed="0.025233"/>
</kw>
<kw name="Click" owner="Browser">
<msg time="2024-11-02T00:30:44.645900" level="INFO">Clicks the element '//button[@class='login_btn body-large']'.</msg>
<arg>${LoginButtonLogIn}</arg>
<tag>PageContent</tag>
<tag>Setter</tag>
<doc>Simulates mouse click on the element found by ``selector``.</doc>
<status status="PASS" start="2024-11-02T00:30:44.644434" elapsed="0.046701"/>
</kw>
<arg>${EMPTY}</arg>
<arg>${EMPTY}</arg>
<tag>Unit test</tag>
<doc>This keyword is used to test the login function of the application</doc>
<status status="PASS" start="2024-11-02T00:30:40.786243" elapsed="3.905438"/>
</kw>
<kw name="Background Color should contain">
<kw name="Get Element" owner="Browser">
<msg time="2024-11-02T00:30:44.709925" level="INFO">Locator found successfully.</msg>
<msg time="2024-11-02T00:30:44.711033" level="INFO">${element} = //button[@class='login_btn body-large']</msg>
<var>${element}</var>
<arg>//button[@class='login_btn body-large']</arg>
<tag>Getter</tag>
<tag>PageContent</tag>
<doc>Returns a reference to a Playwright [https://playwright.dev/docs/api/class-locator|Locator].</doc>
<status status="PASS" start="2024-11-02T00:30:44.694784" elapsed="0.016823"/>
</kw>
<kw name="Get Attribute" owner="Browser">
<msg time="2024-11-02T00:30:44.754476" level="INFO">Attribute is: 'min-width: 8rem; border-radius: 8px; padding: 0px; background-color: rgba(29, 27, 32, 0.12); font-family: Roboto; font-size: 16px; border: none; display: flex; justify-content: center; align-items: center; white-space: nowrap;'</msg>
<msg time="2024-11-02T00:30:44.755201" level="INFO">${color} = min-width: 8rem; border-radius: 8px; padding: 0px; background-color: rgba(29, 27, 32, 0.12); font-family: Roboto; font-size: 16px; border: none; display: flex; justify-content: center; align-items: ce...</msg>
<var>${color}</var>
<arg>${element}</arg>
<arg>style</arg>
<tag>Assertion</tag>
<tag>Getter</tag>
<tag>PageContent</tag>
<doc>Returns the HTML ``attribute`` of the element found by ``selector``.</doc>
<status status="PASS" start="2024-11-02T00:30:44.712120" elapsed="0.044059"/>
</kw>
<kw name="Should Contain" owner="BuiltIn">
<arg>${color}</arg>
<arg>${EXPECTED_COLOR}</arg>
<doc>Fails if ``container`` does not contain ``item`` one or more times.</doc>
<status status="PASS" start="2024-11-02T00:30:44.756722" elapsed="0.001279"/>
</kw>
<arg>//button[@class='login_btn body-large']</arg>
<arg>background-color: rgba(29, 27, 32, 0.12)</arg>
<status status="PASS" start="2024-11-02T00:30:44.693339" elapsed="0.065063"/>
</kw>
<kw name="Login function">
<kw name="New Browser" owner="Browser">
<msg time="2024-11-02T00:30:44.763533" level="INFO">Switching browser to browser=0e138f81-644b-4cc8-948b-bceaa1802a2f</msg>
<msg time="2024-11-02T00:30:44.770576" level="INFO">Successfully changed active browser: browser=0e138f81-644b-4cc8-948b-bceaa1802a2f</msg>
<msg time="2024-11-02T00:30:44.771288" level="INFO">Reusing existing browser with id: browser=0e138f81-644b-4cc8-948b-bceaa1802a2f</msg>
<arg>browser=chromium</arg>
<arg>headless=False</arg>
<tag>BrowserControl</tag>
<tag>Setter</tag>
<doc>Create a new playwright Browser with specified options.</doc>
<status status="PASS" start="2024-11-02T00:30:44.762367" elapsed="0.009350"/>
</kw>
<kw name="New Page" owner="Browser">
<msg time="2024-11-02T00:30:47.734445" level="INFO">Successfully initialized new page object and opened url: http://localhost:3000/log_in</msg>
<arg>url=http://localhost:3000/log_in</arg>
<tag>BrowserControl</tag>
<tag>Setter</tag>
<doc>Open a new Page.</doc>
<status status="PASS" start="2024-11-02T00:30:44.772120" elapsed="2.962682"/>
</kw>
<kw name="Fill Text" owner="Browser">
<msg time="2024-11-02T00:30:47.736080" level="INFO">Fills the text '' in the given field.</msg>
<arg>${EmailFieldLogIn}</arg>
<arg>${emailUser}</arg>
<tag>PageContent</tag>
<tag>Setter</tag>
<doc>Clears and fills the given ``txt`` into the text field found by ``selector``.</doc>
<status status="PASS" start="2024-11-02T00:30:47.735062" elapsed="0.397655"/>
</kw>
<kw name="Fill Text" owner="Browser">
<msg time="2024-11-02T00:30:48.134768" level="INFO">Fills the text 'Xuannhi03!' in the given field.</msg>
<arg>${PasswordFieldLogIn}</arg>
<arg>${passwordUser}</arg>
<tag>PageContent</tag>
<tag>Setter</tag>
<doc>Clears and fills the given ``txt`` into the text field found by ``selector``.</doc>
<status status="PASS" start="2024-11-02T00:30:48.133192" elapsed="0.040809"/>
</kw>
<kw name="Click" owner="Browser">
<msg time="2024-11-02T00:30:48.175720" level="INFO">Clicks the element '//button[@class='login_btn body-large']'.</msg>
<arg>${LoginButtonLogIn}</arg>
<tag>PageContent</tag>
<tag>Setter</tag>
<doc>Simulates mouse click on the element found by ``selector``.</doc>
<status status="PASS" start="2024-11-02T00:30:48.174487" elapsed="0.050858"/>
</kw>
<arg>${EMPTY}</arg>
<arg>Xuannhi03!</arg>
<tag>Unit test</tag>
<doc>This keyword is used to test the login function of the application</doc>
<status status="PASS" start="2024-11-02T00:30:44.759910" elapsed="3.465873"/>
</kw>
<kw name="Show/hide password successfully when click">
<kw name="Click" owner="Browser">
<msg time="2024-11-02T00:30:48.227705" level="INFO">Clicks the element '//button[@class='show-pass']//*[name()='svg']'.</msg>
<arg>${HideEyeIcon}</arg>
<tag>PageContent</tag>
<tag>Setter</tag>
<doc>Simulates mouse click on the element found by ``selector``.</doc>
<status status="PASS" start="2024-11-02T00:30:48.227075" elapsed="0.052825"/>
</kw>
<kw name="Get Text" owner="Browser">
<msg time="2024-11-02T00:30:48.318172" level="INFO">Text: 'Xuannhi03!'</msg>
<arg>${PasswordFieldLogIn}</arg>
<arg>==</arg>
<arg>${passwordText}</arg>
<tag>Assertion</tag>
<tag>Getter</tag>
<tag>PageContent</tag>
<doc>Returns text attribute of the element found by ``selector``.</doc>
<status status="PASS" start="2024-11-02T00:30:48.280226" elapsed="0.038374"/>
</kw>
<arg>Xuannhi03!</arg>
<status status="PASS" start="2024-11-02T00:30:48.226341" elapsed="0.092548"/>
</kw>
<kw name="Go to forgot password popup when click on &quot;Bạn quên mật khẩu?&quot;">
<kw name="New Browser" owner="Browser">
<msg time="2024-11-02T00:30:48.321130" level="INFO">Switching browser to browser=0e138f81-644b-4cc8-948b-bceaa1802a2f</msg>
<msg time="2024-11-02T00:30:48.325410" level="INFO">Successfully changed active browser: browser=0e138f81-644b-4cc8-948b-bceaa1802a2f</msg>
<msg time="2024-11-02T00:30:48.325747" level="INFO">Reusing existing browser with id: browser=0e138f81-644b-4cc8-948b-bceaa1802a2f</msg>
<arg>browser=chromium</arg>
<arg>headless=False</arg>
<tag>BrowserControl</tag>
<tag>Setter</tag>
<doc>Create a new playwright Browser with specified options.</doc>
<status status="PASS" start="2024-11-02T00:30:48.320182" elapsed="0.005840"/>
</kw>
<kw name="New Page" owner="Browser">
<msg time="2024-11-02T00:30:51.515180" level="INFO">Successfully initialized new page object and opened url: http://localhost:3000/log_in</msg>
<arg>url=http://localhost:3000/log_in</arg>
<tag>BrowserControl</tag>
<tag>Setter</tag>
<doc>Open a new Page.</doc>
<status status="PASS" start="2024-11-02T00:30:48.326264" elapsed="3.189517"/>
</kw>
<kw name="Click" owner="Browser">
<msg time="2024-11-02T00:30:51.517625" level="INFO">Clicks the element '//p[@class='forgotPass body-large']'.</msg>
<arg>${ForgotPasswordText}</arg>
<tag>PageContent</tag>
<tag>Setter</tag>
<doc>Simulates mouse click on the element found by ``selector``.</doc>
<status status="PASS" start="2024-11-02T00:30:51.516485" elapsed="0.462237"/>
</kw>
<kw name="Wait For Elements State" owner="Browser">
<msg time="2024-11-02T00:30:51.992171" level="INFO">Waited for Element with selector //div[@class='modal-content'] at state visible</msg>
<arg>//div[@class='modal-content']</arg>
<arg>visible</arg>
<tag>PageContent</tag>
<tag>Wait</tag>
<doc>Waits for the element found by ``selector`` to satisfy state option.</doc>
<status status="PASS" start="2024-11-02T00:30:51.979174" elapsed="0.013808"/>
</kw>
<status status="PASS" start="2024-11-02T00:30:48.319324" elapsed="3.674035"/>
</kw>
<kw name="Go to register page when click on &quot;Đăng ký&quot; button">
<kw name="New Browser" owner="Browser">
<msg time="2024-11-02T00:30:51.996534" level="INFO">Switching browser to browser=0e138f81-644b-4cc8-948b-bceaa1802a2f</msg>
<msg time="2024-11-02T00:30:52.002464" level="INFO">Successfully changed active browser: browser=0e138f81-644b-4cc8-948b-bceaa1802a2f</msg>
<msg time="2024-11-02T00:30:52.003233" level="INFO">Reusing existing browser with id: browser=0e138f81-644b-4cc8-948b-bceaa1802a2f</msg>
<arg>browser=chromium</arg>
<arg>headless=False</arg>
<tag>BrowserControl</tag>
<tag>Setter</tag>
<doc>Create a new playwright Browser with specified options.</doc>
<status status="PASS" start="2024-11-02T00:30:51.995250" elapsed="0.008692"/>
</kw>
<kw name="New Page" owner="Browser">
<msg time="2024-11-02T00:30:55.204116" level="INFO">Successfully initialized new page object and opened url: http://localhost:3000/log_in</msg>
<arg>url=http://localhost:3000/log_in</arg>
<tag>BrowserControl</tag>
<tag>Setter</tag>
<doc>Open a new Page.</doc>
<status status="PASS" start="2024-11-02T00:30:52.004784" elapsed="3.200454"/>
</kw>
<kw name="Click" owner="Browser">
<msg time="2024-11-02T00:30:55.207976" level="INFO">Clicks the element '//button[@class='body-large register_btn']'.</msg>
<arg>${SignupButtonInLoginpage}</arg>
<tag>PageContent</tag>
<tag>Setter</tag>
<doc>Simulates mouse click on the element found by ``selector``.</doc>
<status status="PASS" start="2024-11-02T00:30:55.206297" elapsed="0.429185"/>
</kw>
<kw name="Wait For Elements State" owner="Browser">
<msg time="2024-11-02T00:30:55.645714" level="INFO">Waited for Element with selector //div[@class='register_form col-8 col'] at state visible</msg>
<arg>//div[@class='register_form col-8 col']</arg>
<arg>visible</arg>
<tag>PageContent</tag>
<tag>Wait</tag>
<doc>Waits for the element found by ``selector`` to satisfy state option.</doc>
<status status="PASS" start="2024-11-02T00:30:55.636009" elapsed="0.010105"/>
</kw>
<status status="PASS" start="2024-11-02T00:30:51.994263" elapsed="3.652066"/>
</kw>
<doc>Include:
Verify the user can login successfully with valid email and password.
Verify the user login unsuccessfully with valid email but invalid password.
Verify the user login unsuccessfully with invalid Email and valid password.
Verify the user log in unsuccessfully with invalid Email and Password.
Verify the "Đăng nhập" button is not enabled when user login with leaving 2 input blank
Verify re-login by remember account successfull when user login with valid email and password (ignore)
Verify show/hide password successfully when click
Verify go to forgot password popup when click on "Bạn quên mật khẩu?"
Verify go to register page when click on "Đăng ký" button</doc>
<status status="PASS" start="2024-11-02T00:30:20.048543" elapsed="35.598143"/>
</test>
<doc>This Feature verifies the unit test for lab3 of SE113</doc>
<status status="PASS" start="2024-11-02T00:30:19.685530" elapsed="36.263733"/>
</suite>
<statistics>
<total>
<stat pass="1" fail="0" skip="0">All Tests</stat>
</total>
<tag>
</tag>
<suite>
<stat pass="1" fail="0" skip="0" id="s1" name="Unit Test">Unit Test</stat>
</suite>
</statistics>
<errors>
</errors>
</robot>
