<?xml version="1.0" encoding="UTF-8"?>
<robot generator="Robot 7.1 (Python 3.13.0 on win32)" generated="2024-11-02T20:44:06.161693" rpa="false" schemaversion="5">
<suite id="s1" name="Unit Test" source="D:\Nam4\[SE113] Kiểm chứng phần mềm-20240914T045954Z-001\TAA Automation Robot Project\TAA-Automation-Robot-Project\tests\unit_test.robot">
<test id="s1-t1" line="60">
<doc>Include:
Verify the admin can filter successfully with column "ID" and operator "chứa" with random input value
Verify the admin can filter unsuccessfully with column "ID" and operator "chứa" with invalid input value
Verify the admin can filter successfully with column "ID" and operator "chứa" with specific input value
Verify the admin can filter successfully with column "ID" and operator "chứa" with the ID name
Verify the admin can filter successfully with column "ID" and operator "bằng" with vid input value
Verify the admin can filter unsuccessfully with column "ID" and operator "bằng" with invalid input value
Verify the admin can filter unsuccessfully with column "ID" and operator "bằng" with specific input value
Verify the admin can filter successfully with column "ID" and operator "bắt đầu với" with random input value
Verify the admin can filter unsuccessfully with column "ID" and operator "bắt đầu với" with invalid input value
Verify the admin can filter successfully with column "ID" and operator "bắt đầu với" with specific input value
Verify the admin can filter successfully with column "ID" and operator "bắt đầu với" with the ID name
Verify the admin can filter successfully with column "ID" and operator "kết thúc với" with random input value
Verify the admin can filter unsuccessfully with column "ID" and operator "kết thúc với" with invalid input value
Verify the admin can filter successfully with column "ID" and operator "kết thúc với" with specific input value
Verify the admin can filter successfully with column "ID" and operator "kết thúc với" with the ID name
Verify the admin can filter successfully with column "ID" and operator "trống"
Verify the admin can filter successfully with column "ID" and operator "không trống"
Verify the admin can filter successfully with column "ID" and operator "bất kỳ trong số" with the random values
Verify the admin can filter successfully with column "Tên tài khoản" and operator "chứa" with random input value
Verify the admin can filter successfully with column "Tên tài khoản" and operator "chứa" with specific input value
Verify the admin can filter successfully with column "Tên tài khoản" and operator "bằng" with the valid name
Verify the admin can filter unsuccessfully with column "Tên tài khoản" and operator "bằng" with the invalid name
Verify the admin can filter successfully with column ""Tên tài khoản"" and operator ""bắt đầu với"" with valid input value
Verify the admin can filter successfully with column ""Tên tài khoản"" and operator ""kết thúc với"" with the valid input value
Verify the admin can filter successfully with column ""Tên tài khoản"" and operator ""trống""
Verify the admin can filter successfully with column ""Tên tài khoản"" and operator ""không trống""
Verify the admin can filter successfully with column ""Tên tài khoản"" and operator ""bất kỳ trong số"" with the random values
Verify the admin can filter successfully with column ""Số điện thoại"" and operator ""chứa"" with random input value
Verify the admin can filter unsuccessfully with column ""Số điện thoại"" and operator ""chứa"" with specific input value
Verify the admin can filter successfully with column "Số điện thoại" and operator "bằng" with the valid name
Verify the admin can filter unsuccessfully with column "Số điện thoại" and operator "bằng" with the invalid name
Verify the admin can filter successfully with column "Số điện thoại" and operator "bắt đầu với" with valid input value
Verify the admin can filter successfully with column "Số điện thoại" and operator "kết thúc với" with the valid input value
Verify the admin can filter successfully with column "Số điện thoại" and operator "trống"
Verify the admin can filter successfully with column "Số điện thoại" and operator "không trống"
Verify the admin can filter successfully with column "Số điện thoại" and operator "bất kỳ trong số" with the random values
Verify the admin can filter successfully with column ""CCCD"" and operator ""chứa"" with random input value
Verify the admin can filter unsuccessfully with column "CCCD" and operator "chứa" with specific input value
Verify the admin can filter successfully with column "CCCD" and operator "bằng" with the valid name
Verify the admin can filter successfully with column ""unsuccessfully with column "CCCD" and operator "bằng" with the invalid name
Verify the admin can filter successfully with column "CCCD" and operator "bắt đầu với" with valid input value
Verify the admin can filter successfully with column "CCCD" and operator "kết thúc với" with the valid input value
Verify the admin can filter successfully with column "CCCD" and operator "trống"
Verify the admin can filter successfully with column "CCCD" and operator "không trống"
Verify the admin can filter successfully with column "CCCD" and operator "bất kỳ trong số" with the valid values</doc>
<status status="FAIL" start="2024-11-02T20:44:06.412106" elapsed="0.012514">Test name cannot be empty.</status>
</test>
<test id="s1-t2" name="Unit test for change password function" line="196">
<kw name="Change password function">
<kw name="Login function">
<kw name="New Browser" owner="Browser">
<msg time="2024-11-02T20:44:07.605782" level="INFO">{"browser": "chromium", "headless": false, "chromiumSandbox": false, "devtools": false, "handleSIGHUP": true, "handleSIGINT": true, "handleSIGTERM": true, "slowMo": 0.0, "timeout": 30000.0, "tracesDir": "D:\\Nam4\\[SE113] Ki\u1ec3m ch\u1ee9ng ph\u1ea7n m\u1ec1m-20240914T045954Z-001\\TAA Automation Robot Project\\TAA-Automation-Robot-Project\\results\\browser\\traces\\8aa93236-ffec-429c-ac87-ef19a245ec1c"}</msg>
<msg time="2024-11-02T20:44:07.894578" level="INFO">Successfully created browser with options: {"browser":"chromium","headless":false,"chromiumSandbox":false,"devtools":false,"handleSIGHUP":true,"handleSIGINT":true,"handleSIGTERM":true,"slowMo":0,"timeout":30000,"tracesDir":"D:\\Nam4\\[SE113] Kiểm chứng phần mềm-20240914T045954Z-001\\TAA Automation Robot Project\\TAA-Automation-Robot-Project\\results\\browser\\traces\\8aa93236-ffec-429c-ac87-ef19a245ec1c"}</msg>
<arg>browser=chromium</arg>
<arg>headless=False</arg>
<tag>BrowserControl</tag>
<tag>Setter</tag>
<doc>Create a new playwright Browser with specified options.</doc>
<status status="PASS" start="2024-11-02T20:44:07.604804" elapsed="0.290572"/>
</kw>
<kw name="New Page" owner="Browser">
<msg time="2024-11-02T20:44:11.069442" level="INFO">Successfully initialized new page object and opened url: http://localhost:3000/log_in</msg>
<msg time="2024-11-02T20:44:11.069761" level="INFO">No context was open. New context was automatically opened when this page is created.</msg>
<arg>url=http://localhost:3000/log_in</arg>
<tag>BrowserControl</tag>
<tag>Setter</tag>
<doc>Open a new Page.</doc>
<status status="PASS" start="2024-11-02T20:44:07.895920" elapsed="3.174204"/>
</kw>
<kw name="Fill Text" owner="Browser">
<msg time="2024-11-02T20:44:11.071374" level="INFO">Fills the text 'testaccount27@gmail.com' in the given field.</msg>
<arg>${EmailFieldLogIn}</arg>
<arg>${emailUser}</arg>
<tag>PageContent</tag>
<tag>Setter</tag>
<doc>Clears and fills the given ``txt`` into the text field found by ``selector``.</doc>
<status status="PASS" start="2024-11-02T20:44:11.070428" elapsed="0.293536"/>
</kw>
<kw name="Fill Text" owner="Browser">
<msg time="2024-11-02T20:44:11.365476" level="INFO">Fills the text 'TestAccount27@' in the given field.</msg>
<arg>${PasswordFieldLogIn}</arg>
<arg>${passwordUser}</arg>
<tag>PageContent</tag>
<tag>Setter</tag>
<doc>Clears and fills the given ``txt`` into the text field found by ``selector``.</doc>
<status status="PASS" start="2024-11-02T20:44:11.364396" elapsed="0.027298"/>
</kw>
<kw name="Click" owner="Browser">
<msg time="2024-11-02T20:44:11.393531" level="INFO">Clicks the element '//button[@class='login_btn body-large']'.</msg>
<arg>${LoginButtonLogIn}</arg>
<tag>PageContent</tag>
<tag>Setter</tag>
<doc>Simulates mouse click on the element found by ``selector``.</doc>
<status status="PASS" start="2024-11-02T20:44:11.392332" elapsed="0.103388"/>
</kw>
<arg>testaccount27@gmail.com</arg>
<arg>TestAccount27@</arg>
<tag>Unit test</tag>
<doc>This keyword is used to test the login function of the application</doc>
<status status="PASS" start="2024-11-02T20:44:07.603966" elapsed="3.892420"/>
</kw>
<kw name="Click" owner="Browser">
<msg time="2024-11-02T20:44:11.499091" level="INFO">Clicks the element '//button[@id='drop_down_btn']'.</msg>
<arg>${Avatar}</arg>
<tag>PageContent</tag>
<tag>Setter</tag>
<doc>Simulates mouse click on the element found by ``selector``.</doc>
<status status="PASS" start="2024-11-02T20:44:11.497276" elapsed="2.152325"/>
</kw>
<kw name="Click" owner="Browser">
<msg time="2024-11-02T20:44:13.651319" level="INFO">Clicks the element '//a[normalize-space()='Thông tin cá nhân']'.</msg>
<arg>${PersonalInfoUnderAvatar}</arg>
<tag>PageContent</tag>
<tag>Setter</tag>
<doc>Simulates mouse click on the element found by ``selector``.</doc>
<status status="PASS" start="2024-11-02T20:44:13.650061" elapsed="0.291699"/>
</kw>
<kw name="Click" owner="Browser">
<msg time="2024-11-02T20:44:13.944939" level="INFO">Clicks the element '//span[contains(text(),'Đổi mật khẩu')]'.</msg>
<arg>${ChangePasswordSubMenu}</arg>
<tag>PageContent</tag>
<tag>Setter</tag>
<doc>Simulates mouse click on the element found by ``selector``.</doc>
<status status="PASS" start="2024-11-02T20:44:13.942656" elapsed="0.678210"/>
</kw>
<kw name="Fill Text" owner="Browser">
<msg time="2024-11-02T20:44:14.622513" level="INFO">Fills the text '1234abcd@' in the given field.</msg>
<arg>${CurrentPasswordInput}</arg>
<arg>${currentPass}</arg>
<tag>PageContent</tag>
<tag>Setter</tag>
<doc>Clears and fills the given ``txt`` into the text field found by ``selector``.</doc>
<status status="PASS" start="2024-11-02T20:44:14.621291" elapsed="0.039127"/>
</kw>
<kw name="Fill Text" owner="Browser">
<msg time="2024-11-02T20:44:14.662323" level="INFO">Fills the text '1234abcd@' in the given field.</msg>
<arg>${NewPasswordInput}</arg>
<arg>${newPass}</arg>
<tag>PageContent</tag>
<tag>Setter</tag>
<doc>Clears and fills the given ``txt`` into the text field found by ``selector``.</doc>
<status status="PASS" start="2024-11-02T20:44:14.660841" elapsed="0.032488"/>
</kw>
<kw name="Fill Text" owner="Browser">
<msg time="2024-11-02T20:44:14.695215" level="INFO">Fills the text '' in the given field.</msg>
<arg>${ConfirmPasswordInput}</arg>
<arg>${confPass}</arg>
<tag>PageContent</tag>
<tag>Setter</tag>
<doc>Clears and fills the given ``txt`` into the text field found by ``selector``.</doc>
<status status="PASS" start="2024-11-02T20:44:14.693792" elapsed="0.021105"/>
</kw>
<kw name="Click" owner="Browser">
<msg time="2024-11-02T20:44:14.716454" level="INFO">Clicks the element '//button[@class='save-btn body-large']'.</msg>
<arg>${ConfirmButton}</arg>
<tag>PageContent</tag>
<tag>Setter</tag>
<doc>Simulates mouse click on the element found by ``selector``.</doc>
<status status="PASS" start="2024-11-02T20:44:14.715393" elapsed="0.050291"/>
</kw>
<arg>1234abcd@</arg>
<arg>1234abcd@</arg>
<arg>${EMPTY}</arg>
<tag>Unit test</tag>
<doc>This keyword is used to test the change password function</doc>
<status status="PASS" start="2024-11-02T20:44:07.602458" elapsed="7.163654"/>
</kw>
<kw name="Background Color should contain">
<kw name="Get Element" owner="Browser">
<msg time="2024-11-02T20:44:14.788835" level="INFO">Locator found successfully.</msg>
<msg time="2024-11-02T20:44:14.789776" level="INFO">${element1} = //button[@class='save-btn body-large']</msg>
<var>${element1}</var>
<arg>${element}</arg>
<tag>Getter</tag>
<tag>PageContent</tag>
<doc>Returns a reference to a Playwright [https://playwright.dev/docs/api/class-locator|Locator].</doc>
<status status="PASS" start="2024-11-02T20:44:14.768415" elapsed="0.022138"/>
</kw>
<kw name="Get Attribute" owner="Browser">
<msg time="2024-11-02T20:44:14.824633" level="INFO">Attribute is: 'min-width: 8rem; border-radius: 8px; padding: 0px; background-color: rgba(29, 27, 32, 0.12); font-family: Roboto; font-size: 14px; border: none; display: flex; justify-content: center; align-items: center; white-space: nowrap;'</msg>
<msg time="2024-11-02T20:44:14.825164" level="INFO">${color} = min-width: 8rem; border-radius: 8px; padding: 0px; background-color: rgba(29, 27, 32, 0.12); font-family: Roboto; font-size: 14px; border: none; display: flex; justify-content: center; align-items: ce...</msg>
<var>${color}</var>
<arg>${element1}</arg>
<arg>style</arg>
<tag>Assertion</tag>
<tag>Getter</tag>
<tag>PageContent</tag>
<doc>Returns the HTML ``attribute`` of the element found by ``selector``.</doc>
<status status="PASS" start="2024-11-02T20:44:14.792136" elapsed="0.033309"/>
</kw>
<kw name="Should Contain" owner="BuiltIn">
<arg>${color}</arg>
<arg>${EXPECTED_COLOR}</arg>
<doc>Fails if ``container`` does not contain ``item`` one or more times.</doc>
<status status="PASS" start="2024-11-02T20:44:14.825793" elapsed="0.000709"/>
</kw>
<arg>//button[@class='save-btn body-large']</arg>
<arg>background-color: rgba(29, 27, 32, 0.12)</arg>
<status status="PASS" start="2024-11-02T20:44:14.766701" elapsed="0.060029"/>
</kw>
<doc>Include:
- Verify the user can change password successfully with valid current password, valid new password and valid confirm new password
- Verify the user can change password unsuccessfully with valid current password, invalid new password and confirm new password
- Verify the user can change password unsuccessfully with valid current password, invalid new password and confirm new password
- Verify the user can change password unsuccessfully with valid current password, invalid new password and confirm new password
- Verify the user can change password unsuccessfully with valid current password, invalid new password and confirm new password
- Verify the user can change password unsuccessfully with valid current password, valid new password and invalid confirm new password
- Verify the user can change password unsuccessfully with valid current password, invalid new password and invalid confirm new password
- Verify the user can change password unsuccessfully with invalid current password, valid new password and valid confirm new password
- Verify the user can change password unsuccessfully with invalid current password, invalid new password and valid confirm new password
- Verify the user can change password unsuccessfully with invalid current password, invalid new password and invalid confirm new password
- Verify the "Xác nhận" button is not enabled when user leaving 3 input blank
- Verify the "Xác nhận" button is not enabled when user leaving 2 input blank
- Verify the "Xác nhận" button is not enabled when user leaving 2 input blank
- Verify the "Xác nhận" button is not enabled when user leaving 2 input blank
- Verify the "Xác nhận" button is not enabled when user leaving 1 input blank
- Verify the "Xác nhận" button is not enabled when user leaving 1 input blank
- Verify the "Xác nhận" button is not enabled when user leaving 1 input blank
- Run each data</doc>
<status status="PASS" start="2024-11-02T20:44:07.594391" elapsed="7.232733"/>
</test>
<doc>This Feature verifies the unit test for lab3 of SE113</doc>
<status status="FAIL" start="2024-11-02T20:44:06.167676" elapsed="8.788595"/>
</suite>
<statistics>
<total>
<stat pass="1" fail="1" skip="0">All Tests</stat>
</total>
<tag>
</tag>
<suite>
<stat pass="1" fail="1" skip="0" id="s1" name="Unit Test">Unit Test</stat>
</suite>
</statistics>
<errors>
</errors>
</robot>
